01/28/2018 12:02:20:oct4_cnn_create_shape_fit:Model Summary:
01/28/2018 12:02:20:oct4_cnn_create_shape_fit:_________________________________________________________________
01/28/2018 12:02:20:oct4_cnn_create_shape_fit:Layer (type)                 Output Shape              Param #   
01/28/2018 12:02:20:oct4_cnn_create_shape_fit:=================================================================
01/28/2018 12:02:20:oct4_cnn_create_shape_fit:dna (InputLayer)             (None, 4, 200, 1)         0         
01/28/2018 12:02:20:oct4_cnn_create_shape_fit:_________________________________________________________________
01/28/2018 12:02:20:oct4_cnn_create_shape_fit:conv2d_1 (Conv2D)            (None, 4, 180, 30)        660       
01/28/2018 12:02:20:oct4_cnn_create_shape_fit:_________________________________________________________________
01/28/2018 12:02:20:oct4_cnn_create_shape_fit:global_average_pooling2d_1 ( (None, 30)                0         
01/28/2018 12:02:20:oct4_cnn_create_shape_fit:_________________________________________________________________
01/28/2018 12:02:20:oct4_cnn_create_shape_fit:y (Dense)                    (None, 1)                 31        
01/28/2018 12:02:20:oct4_cnn_create_shape_fit:=================================================================
01/28/2018 12:02:20:oct4_cnn_create_shape_fit:Total params: 691
01/28/2018 12:02:20:oct4_cnn_create_shape_fit:Trainable params: 691
01/28/2018 12:02:20:oct4_cnn_create_shape_fit:Non-trainable params: 0
01/28/2018 12:02:20:oct4_cnn_create_shape_fit:_________________________________________________________________
01/28/2018 12:02:20:oct4_cnn_create_shape_fit:Fit: oct4_cnn_create_shape_fit
01/28/2018 12:02:20:oct4_cnn_create_shape_fit:Input:
01/28/2018 12:02:20:oct4_cnn_create_shape_fit:	dna: (7997, 4, 200, 1)
01/28/2018 12:02:20:oct4_cnn_create_shape_fit:Output:
01/28/2018 12:02:20:oct4_cnn_create_shape_fit:	y: (7997, 1)
01/28/2018 12:02:49:oct4_cnn_create_shape_fit:########################################
01/28/2018 12:02:49:oct4_cnn_create_shape_fit:loss: 0.690891
01/28/2018 12:02:49:oct4_cnn_create_shape_fit:acc: 0.549831
01/28/2018 12:02:49:oct4_cnn_create_shape_fit:########################################
01/28/2018 12:02:49:oct4_cnn_create_shape_fit:Save model oct4_result/models/oct4_cnn_create_shape_fit.h5
01/28/2018 12:02:49:oct4_cnn_create_shape_fit:Training finished after 28.843 s
01/28/2018 12:03:18:oct4_cnn_create_shape_fit:Model Summary:
01/28/2018 12:03:18:oct4_cnn_create_shape_fit:_________________________________________________________________
01/28/2018 12:03:18:oct4_cnn_create_shape_fit:Layer (type)                 Output Shape              Param #   
01/28/2018 12:03:18:oct4_cnn_create_shape_fit:=================================================================
01/28/2018 12:03:18:oct4_cnn_create_shape_fit:dna (InputLayer)             (None, 4, 200, 1)         0         
01/28/2018 12:03:18:oct4_cnn_create_shape_fit:_________________________________________________________________
01/28/2018 12:03:18:oct4_cnn_create_shape_fit:conv2d_1 (Conv2D)            (None, 4, 180, 30)        660       
01/28/2018 12:03:18:oct4_cnn_create_shape_fit:_________________________________________________________________
01/28/2018 12:03:18:oct4_cnn_create_shape_fit:global_average_pooling2d_1 ( (None, 30)                0         
01/28/2018 12:03:18:oct4_cnn_create_shape_fit:_________________________________________________________________
01/28/2018 12:03:18:oct4_cnn_create_shape_fit:y (Dense)                    (None, 1)                 31        
01/28/2018 12:03:18:oct4_cnn_create_shape_fit:=================================================================
01/28/2018 12:03:18:oct4_cnn_create_shape_fit:Total params: 691
01/28/2018 12:03:18:oct4_cnn_create_shape_fit:Trainable params: 691
01/28/2018 12:03:18:oct4_cnn_create_shape_fit:Non-trainable params: 0
01/28/2018 12:03:18:oct4_cnn_create_shape_fit:_________________________________________________________________
01/28/2018 12:03:18:oct4_cnn_create_shape_fit:Predict: oct4_cnn_create_shape_fit
01/28/2018 12:03:18:oct4_cnn_create_shape_fit:Input:
01/28/2018 12:03:18:oct4_cnn_create_shape_fit:	dna: (7997, 4, 200, 1)
01/28/2018 12:05:25:oct4_cnn_create_shape_fit:Model Summary:
01/28/2018 12:05:25:oct4_cnn_create_shape_fit:_________________________________________________________________
01/28/2018 12:05:25:oct4_cnn_create_shape_fit:Layer (type)                 Output Shape              Param #   
01/28/2018 12:05:25:oct4_cnn_create_shape_fit:=================================================================
01/28/2018 12:05:25:oct4_cnn_create_shape_fit:dna (InputLayer)             (None, 4, 200, 1)         0         
01/28/2018 12:05:25:oct4_cnn_create_shape_fit:_________________________________________________________________
01/28/2018 12:05:25:oct4_cnn_create_shape_fit:conv2d_1 (Conv2D)            (None, 4, 180, 30)        660       
01/28/2018 12:05:25:oct4_cnn_create_shape_fit:_________________________________________________________________
01/28/2018 12:05:25:oct4_cnn_create_shape_fit:global_average_pooling2d_1 ( (None, 30)                0         
01/28/2018 12:05:25:oct4_cnn_create_shape_fit:_________________________________________________________________
01/28/2018 12:05:25:oct4_cnn_create_shape_fit:y (Dense)                    (None, 1)                 31        
01/28/2018 12:05:25:oct4_cnn_create_shape_fit:=================================================================
01/28/2018 12:05:25:oct4_cnn_create_shape_fit:Total params: 691
01/28/2018 12:05:25:oct4_cnn_create_shape_fit:Trainable params: 691
01/28/2018 12:05:25:oct4_cnn_create_shape_fit:Non-trainable params: 0
01/28/2018 12:05:25:oct4_cnn_create_shape_fit:_________________________________________________________________
01/28/2018 12:05:25:oct4_cnn_create_shape_fit:Fit: oct4_cnn_create_shape_fit
01/28/2018 12:05:25:oct4_cnn_create_shape_fit:Input:
01/28/2018 12:05:25:oct4_cnn_create_shape_fit:	dna: (7997, 4, 200, 1)
01/28/2018 12:05:25:oct4_cnn_create_shape_fit:Output:
01/28/2018 12:05:25:oct4_cnn_create_shape_fit:	y: (7997, 1)
01/28/2018 12:05:56:oct4_cnn_create_shape_fit:########################################
01/28/2018 12:05:56:oct4_cnn_create_shape_fit:loss: 0.690891
01/28/2018 12:05:56:oct4_cnn_create_shape_fit:acc: 0.550081
01/28/2018 12:05:56:oct4_cnn_create_shape_fit:########################################
01/28/2018 12:05:56:oct4_cnn_create_shape_fit:Save model oct4_result/models/oct4_cnn_create_shape_fit.h5
01/28/2018 12:05:56:oct4_cnn_create_shape_fit:Training finished after 30.504 s
01/28/2018 12:06:25:oct4_cnn_create_shape_fit:Model Summary:
01/28/2018 12:06:25:oct4_cnn_create_shape_fit:_________________________________________________________________
01/28/2018 12:06:25:oct4_cnn_create_shape_fit:Layer (type)                 Output Shape              Param #   
01/28/2018 12:06:25:oct4_cnn_create_shape_fit:=================================================================
01/28/2018 12:06:25:oct4_cnn_create_shape_fit:dna (InputLayer)             (None, 4, 200, 1)         0         
01/28/2018 12:06:25:oct4_cnn_create_shape_fit:_________________________________________________________________
01/28/2018 12:06:25:oct4_cnn_create_shape_fit:conv2d_1 (Conv2D)            (None, 4, 180, 30)        660       
01/28/2018 12:06:25:oct4_cnn_create_shape_fit:_________________________________________________________________
01/28/2018 12:06:25:oct4_cnn_create_shape_fit:global_average_pooling2d_1 ( (None, 30)                0         
01/28/2018 12:06:25:oct4_cnn_create_shape_fit:_________________________________________________________________
01/28/2018 12:06:25:oct4_cnn_create_shape_fit:y (Dense)                    (None, 1)                 31        
01/28/2018 12:06:25:oct4_cnn_create_shape_fit:=================================================================
01/28/2018 12:06:25:oct4_cnn_create_shape_fit:Total params: 691
01/28/2018 12:06:25:oct4_cnn_create_shape_fit:Trainable params: 691
01/28/2018 12:06:25:oct4_cnn_create_shape_fit:Non-trainable params: 0
01/28/2018 12:06:25:oct4_cnn_create_shape_fit:_________________________________________________________________
01/28/2018 12:06:25:oct4_cnn_create_shape_fit:Predict: oct4_cnn_create_shape_fit
01/28/2018 12:06:25:oct4_cnn_create_shape_fit:Input:
01/28/2018 12:06:25:oct4_cnn_create_shape_fit:	dna: (7997, 4, 200, 1)
01/28/2018 12:06:25:oct4_cnn_create_shape_fit:Model Summary:
01/28/2018 12:06:25:oct4_cnn_create_shape_fit:_________________________________________________________________
01/28/2018 12:06:25:oct4_cnn_create_shape_fit:Layer (type)                 Output Shape              Param #   
01/28/2018 12:06:25:oct4_cnn_create_shape_fit:=================================================================
01/28/2018 12:06:25:oct4_cnn_create_shape_fit:dna (InputLayer)             (None, 4, 200, 1)         0         
01/28/2018 12:06:25:oct4_cnn_create_shape_fit:_________________________________________________________________
01/28/2018 12:06:25:oct4_cnn_create_shape_fit:conv2d_1 (Conv2D)            (None, 4, 180, 30)        660       
01/28/2018 12:06:25:oct4_cnn_create_shape_fit:_________________________________________________________________
01/28/2018 12:06:25:oct4_cnn_create_shape_fit:global_average_pooling2d_1 ( (None, 30)                0         
01/28/2018 12:06:25:oct4_cnn_create_shape_fit:_________________________________________________________________
01/28/2018 12:06:25:oct4_cnn_create_shape_fit:y (Dense)                    (None, 1)                 31        
01/28/2018 12:06:25:oct4_cnn_create_shape_fit:=================================================================
01/28/2018 12:06:25:oct4_cnn_create_shape_fit:Total params: 691
01/28/2018 12:06:25:oct4_cnn_create_shape_fit:Trainable params: 691
01/28/2018 12:06:25:oct4_cnn_create_shape_fit:Non-trainable params: 0
01/28/2018 12:06:25:oct4_cnn_create_shape_fit:_________________________________________________________________
01/28/2018 12:06:25:oct4_cnn_create_shape_fit:Fit: oct4_cnn_create_shape_fit
01/28/2018 12:06:25:oct4_cnn_create_shape_fit:Input:
01/28/2018 12:06:25:oct4_cnn_create_shape_fit:	dna: (7997, 4, 200, 1)
01/28/2018 12:06:25:oct4_cnn_create_shape_fit:Output:
01/28/2018 12:06:25:oct4_cnn_create_shape_fit:	y: (7997, 1)
01/28/2018 12:06:56:oct4_cnn_create_shape_fit:########################################
01/28/2018 12:06:56:oct4_cnn_create_shape_fit:loss: 0.690829
01/28/2018 12:06:56:oct4_cnn_create_shape_fit:acc: 0.549581
01/28/2018 12:06:56:oct4_cnn_create_shape_fit:########################################
01/28/2018 12:06:56:oct4_cnn_create_shape_fit:Save model oct4_result/models/oct4_cnn_create_shape_fit.h5
01/28/2018 12:06:56:oct4_cnn_create_shape_fit:Training finished after 30.525 s
01/28/2018 12:06:56:oct4_cnn_create_shape_fit:Model Summary:
01/28/2018 12:06:56:oct4_cnn_create_shape_fit:_________________________________________________________________
01/28/2018 12:06:56:oct4_cnn_create_shape_fit:Layer (type)                 Output Shape              Param #   
01/28/2018 12:06:56:oct4_cnn_create_shape_fit:=================================================================
01/28/2018 12:06:56:oct4_cnn_create_shape_fit:dna (InputLayer)             (None, 4, 200, 1)         0         
01/28/2018 12:06:56:oct4_cnn_create_shape_fit:_________________________________________________________________
01/28/2018 12:06:56:oct4_cnn_create_shape_fit:conv2d_1 (Conv2D)            (None, 4, 180, 30)        660       
01/28/2018 12:06:56:oct4_cnn_create_shape_fit:_________________________________________________________________
01/28/2018 12:06:56:oct4_cnn_create_shape_fit:global_average_pooling2d_1 ( (None, 30)                0         
01/28/2018 12:06:56:oct4_cnn_create_shape_fit:_________________________________________________________________
01/28/2018 12:06:56:oct4_cnn_create_shape_fit:y (Dense)                    (None, 1)                 31        
01/28/2018 12:06:56:oct4_cnn_create_shape_fit:=================================================================
01/28/2018 12:06:56:oct4_cnn_create_shape_fit:Total params: 691
01/28/2018 12:06:56:oct4_cnn_create_shape_fit:Trainable params: 691
01/28/2018 12:06:56:oct4_cnn_create_shape_fit:Non-trainable params: 0
01/28/2018 12:06:56:oct4_cnn_create_shape_fit:_________________________________________________________________
01/28/2018 12:06:56:oct4_cnn_create_shape_fit:Predict: oct4_cnn_create_shape_fit
01/28/2018 12:06:56:oct4_cnn_create_shape_fit:Input:
01/28/2018 12:06:56:oct4_cnn_create_shape_fit:	dna: (7997, 4, 200, 1)
01/28/2018 12:06:57:oct4_cnn_create_shape_fitgen:Model Summary:
01/28/2018 12:06:57:oct4_cnn_create_shape_fitgen:_________________________________________________________________
01/28/2018 12:06:57:oct4_cnn_create_shape_fitgen:Layer (type)                 Output Shape              Param #   
01/28/2018 12:06:57:oct4_cnn_create_shape_fitgen:=================================================================
01/28/2018 12:06:57:oct4_cnn_create_shape_fitgen:dna (InputLayer)             (None, 4, 200, 1)         0         
01/28/2018 12:06:57:oct4_cnn_create_shape_fitgen:_________________________________________________________________
01/28/2018 12:06:57:oct4_cnn_create_shape_fitgen:conv2d_1 (Conv2D)            (None, 4, 180, 30)        660       
01/28/2018 12:06:57:oct4_cnn_create_shape_fitgen:_________________________________________________________________
01/28/2018 12:06:57:oct4_cnn_create_shape_fitgen:global_average_pooling2d_1 ( (None, 30)                0         
01/28/2018 12:06:57:oct4_cnn_create_shape_fitgen:_________________________________________________________________
01/28/2018 12:06:57:oct4_cnn_create_shape_fitgen:y (Dense)                    (None, 1)                 31        
01/28/2018 12:06:57:oct4_cnn_create_shape_fitgen:=================================================================
01/28/2018 12:06:57:oct4_cnn_create_shape_fitgen:Total params: 691
01/28/2018 12:06:57:oct4_cnn_create_shape_fitgen:Trainable params: 691
01/28/2018 12:06:57:oct4_cnn_create_shape_fitgen:Non-trainable params: 0
01/28/2018 12:06:57:oct4_cnn_create_shape_fitgen:_________________________________________________________________
01/28/2018 12:06:57:oct4_cnn_create_shape_fitgen:Fit: oct4_cnn_create_shape_fitgen
01/28/2018 12:06:57:oct4_cnn_create_shape_fitgen:Input:
01/28/2018 12:06:57:oct4_cnn_create_shape_fitgen:	dna: (7997, 4, 200, 1)
01/28/2018 12:06:57:oct4_cnn_create_shape_fitgen:Output:
01/28/2018 12:06:57:oct4_cnn_create_shape_fitgen:	y: (7997, 1)
01/28/2018 12:07:29:oct4_cnn_create_shape_fitgen:########################################
01/28/2018 12:07:29:oct4_cnn_create_shape_fitgen:loss: 0.690716
01/28/2018 12:07:29:oct4_cnn_create_shape_fitgen:acc: 0.554250
01/28/2018 12:07:29:oct4_cnn_create_shape_fitgen:########################################
01/28/2018 12:07:29:oct4_cnn_create_shape_fitgen:Save model oct4_result/models/oct4_cnn_create_shape_fitgen.h5
01/28/2018 12:07:29:oct4_cnn_create_shape_fitgen:Training finished after 31.742 s
01/28/2018 12:07:29:oct4_cnn_create_shape_fit:Model Summary:
01/28/2018 12:07:29:oct4_cnn_create_shape_fit:_________________________________________________________________
01/28/2018 12:07:29:oct4_cnn_create_shape_fit:Layer (type)                 Output Shape              Param #   
01/28/2018 12:07:29:oct4_cnn_create_shape_fit:=================================================================
01/28/2018 12:07:29:oct4_cnn_create_shape_fit:dna (InputLayer)             (None, 4, 200, 1)         0         
01/28/2018 12:07:29:oct4_cnn_create_shape_fit:_________________________________________________________________
01/28/2018 12:07:29:oct4_cnn_create_shape_fit:conv2d_1 (Conv2D)            (None, 4, 180, 30)        660       
01/28/2018 12:07:29:oct4_cnn_create_shape_fit:_________________________________________________________________
01/28/2018 12:07:29:oct4_cnn_create_shape_fit:global_average_pooling2d_1 ( (None, 30)                0         
01/28/2018 12:07:29:oct4_cnn_create_shape_fit:_________________________________________________________________
01/28/2018 12:07:29:oct4_cnn_create_shape_fit:y (Dense)                    (None, 1)                 31        
01/28/2018 12:07:29:oct4_cnn_create_shape_fit:=================================================================
01/28/2018 12:07:29:oct4_cnn_create_shape_fit:Total params: 691
01/28/2018 12:07:29:oct4_cnn_create_shape_fit:Trainable params: 691
01/28/2018 12:07:29:oct4_cnn_create_shape_fit:Non-trainable params: 0
01/28/2018 12:07:29:oct4_cnn_create_shape_fit:_________________________________________________________________
01/28/2018 12:07:29:oct4_cnn_create_shape_fit:Predict: oct4_cnn_create_shape_fit
01/28/2018 12:07:29:oct4_cnn_create_shape_fit:Input:
01/28/2018 12:07:29:oct4_cnn_create_shape_fit:	dna: (7997, 4, 200, 1)
01/28/2018 12:07:30:oct4_cnn_create_shape_fitgen:Model Summary:
01/28/2018 12:07:30:oct4_cnn_create_shape_fitgen:_________________________________________________________________
01/28/2018 12:07:30:oct4_cnn_create_shape_fitgen:Layer (type)                 Output Shape              Param #   
01/28/2018 12:07:30:oct4_cnn_create_shape_fitgen:=================================================================
01/28/2018 12:07:30:oct4_cnn_create_shape_fitgen:dna (InputLayer)             (None, 4, 200, 1)         0         
01/28/2018 12:07:30:oct4_cnn_create_shape_fitgen:_________________________________________________________________
01/28/2018 12:07:30:oct4_cnn_create_shape_fitgen:conv2d_1 (Conv2D)            (None, 4, 180, 30)        660       
01/28/2018 12:07:30:oct4_cnn_create_shape_fitgen:_________________________________________________________________
01/28/2018 12:07:30:oct4_cnn_create_shape_fitgen:global_average_pooling2d_1 ( (None, 30)                0         
01/28/2018 12:07:30:oct4_cnn_create_shape_fitgen:_________________________________________________________________
01/28/2018 12:07:30:oct4_cnn_create_shape_fitgen:y (Dense)                    (None, 1)                 31        
01/28/2018 12:07:30:oct4_cnn_create_shape_fitgen:=================================================================
01/28/2018 12:07:30:oct4_cnn_create_shape_fitgen:Total params: 691
01/28/2018 12:07:30:oct4_cnn_create_shape_fitgen:Trainable params: 691
01/28/2018 12:07:30:oct4_cnn_create_shape_fitgen:Non-trainable params: 0
01/28/2018 12:07:30:oct4_cnn_create_shape_fitgen:_________________________________________________________________
01/28/2018 12:07:30:oct4_cnn_create_shape_fitgen:Predict: oct4_cnn_create_shape_fitgen
01/28/2018 12:07:30:oct4_cnn_create_shape_fitgen:Input:
01/28/2018 12:07:30:oct4_cnn_create_shape_fitgen:	dna: (7997, 4, 200, 1)
01/28/2018 12:07:31:oct4_cnn_create_shape_fitgen:Model Summary:
01/28/2018 12:07:31:oct4_cnn_create_shape_fitgen:_________________________________________________________________
01/28/2018 12:07:31:oct4_cnn_create_shape_fitgen:Layer (type)                 Output Shape              Param #   
01/28/2018 12:07:31:oct4_cnn_create_shape_fitgen:=================================================================
01/28/2018 12:07:31:oct4_cnn_create_shape_fitgen:dna (InputLayer)             (None, 4, 200, 1)         0         
01/28/2018 12:07:31:oct4_cnn_create_shape_fitgen:_________________________________________________________________
01/28/2018 12:07:31:oct4_cnn_create_shape_fitgen:conv2d_1 (Conv2D)            (None, 4, 180, 30)        660       
01/28/2018 12:07:31:oct4_cnn_create_shape_fitgen:_________________________________________________________________
01/28/2018 12:07:31:oct4_cnn_create_shape_fitgen:global_average_pooling2d_1 ( (None, 30)                0         
01/28/2018 12:07:31:oct4_cnn_create_shape_fitgen:_________________________________________________________________
01/28/2018 12:07:31:oct4_cnn_create_shape_fitgen:y (Dense)                    (None, 1)                 31        
01/28/2018 12:07:31:oct4_cnn_create_shape_fitgen:=================================================================
01/28/2018 12:07:31:oct4_cnn_create_shape_fitgen:Total params: 691
01/28/2018 12:07:31:oct4_cnn_create_shape_fitgen:Trainable params: 691
01/28/2018 12:07:31:oct4_cnn_create_shape_fitgen:Non-trainable params: 0
01/28/2018 12:07:31:oct4_cnn_create_shape_fitgen:_________________________________________________________________
01/28/2018 12:07:31:oct4_cnn_create_shape_fitgen:Fit: oct4_cnn_create_shape_fitgen
01/28/2018 12:07:31:oct4_cnn_create_shape_fitgen:Input:
01/28/2018 12:07:31:oct4_cnn_create_shape_fitgen:	dna: (7997, 4, 200, 1)
01/28/2018 12:07:31:oct4_cnn_create_shape_fitgen:Output:
01/28/2018 12:07:31:oct4_cnn_create_shape_fitgen:	y: (7997, 1)
01/28/2018 12:08:02:oct4_cnn_create_shape_fitgen:########################################
01/28/2018 12:08:02:oct4_cnn_create_shape_fitgen:loss: 0.689492
01/28/2018 12:08:02:oct4_cnn_create_shape_fitgen:acc: 0.545409
01/28/2018 12:08:02:oct4_cnn_create_shape_fitgen:########################################
01/28/2018 12:08:02:oct4_cnn_create_shape_fitgen:Save model oct4_result/models/oct4_cnn_create_shape_fitgen.h5
01/28/2018 12:08:02:oct4_cnn_create_shape_fitgen:Training finished after 31.056 s
01/28/2018 12:08:02:oct4_cnn_create_shape_fit:Model Summary:
01/28/2018 12:08:02:oct4_cnn_create_shape_fit:_________________________________________________________________
01/28/2018 12:08:02:oct4_cnn_create_shape_fit:Layer (type)                 Output Shape              Param #   
01/28/2018 12:08:02:oct4_cnn_create_shape_fit:=================================================================
01/28/2018 12:08:02:oct4_cnn_create_shape_fit:dna (InputLayer)             (None, 4, 200, 1)         0         
01/28/2018 12:08:02:oct4_cnn_create_shape_fit:_________________________________________________________________
01/28/2018 12:08:02:oct4_cnn_create_shape_fit:conv2d_1 (Conv2D)            (None, 4, 180, 30)        660       
01/28/2018 12:08:02:oct4_cnn_create_shape_fit:_________________________________________________________________
01/28/2018 12:08:02:oct4_cnn_create_shape_fit:global_average_pooling2d_1 ( (None, 30)                0         
01/28/2018 12:08:02:oct4_cnn_create_shape_fit:_________________________________________________________________
01/28/2018 12:08:02:oct4_cnn_create_shape_fit:y (Dense)                    (None, 1)                 31        
01/28/2018 12:08:02:oct4_cnn_create_shape_fit:=================================================================
01/28/2018 12:08:02:oct4_cnn_create_shape_fit:Total params: 691
01/28/2018 12:08:02:oct4_cnn_create_shape_fit:Trainable params: 691
01/28/2018 12:08:02:oct4_cnn_create_shape_fit:Non-trainable params: 0
01/28/2018 12:08:02:oct4_cnn_create_shape_fit:_________________________________________________________________
01/28/2018 12:08:02:oct4_cnn_create_shape_fit:Predict: oct4_cnn_create_shape_fit
01/28/2018 12:08:02:oct4_cnn_create_shape_fit:Input:
01/28/2018 12:08:02:oct4_cnn_create_shape_fit:	dna: (7997, 4, 200, 1)
01/28/2018 12:08:03:oct4_cnn_create_shape_fitgen:Model Summary:
01/28/2018 12:08:03:oct4_cnn_create_shape_fitgen:_________________________________________________________________
01/28/2018 12:08:03:oct4_cnn_create_shape_fitgen:Layer (type)                 Output Shape              Param #   
01/28/2018 12:08:03:oct4_cnn_create_shape_fitgen:=================================================================
01/28/2018 12:08:03:oct4_cnn_create_shape_fitgen:dna (InputLayer)             (None, 4, 200, 1)         0         
01/28/2018 12:08:03:oct4_cnn_create_shape_fitgen:_________________________________________________________________
01/28/2018 12:08:03:oct4_cnn_create_shape_fitgen:conv2d_1 (Conv2D)            (None, 4, 180, 30)        660       
01/28/2018 12:08:03:oct4_cnn_create_shape_fitgen:_________________________________________________________________
01/28/2018 12:08:03:oct4_cnn_create_shape_fitgen:global_average_pooling2d_1 ( (None, 30)                0         
01/28/2018 12:08:03:oct4_cnn_create_shape_fitgen:_________________________________________________________________
01/28/2018 12:08:03:oct4_cnn_create_shape_fitgen:y (Dense)                    (None, 1)                 31        
01/28/2018 12:08:03:oct4_cnn_create_shape_fitgen:=================================================================
01/28/2018 12:08:03:oct4_cnn_create_shape_fitgen:Total params: 691
01/28/2018 12:08:03:oct4_cnn_create_shape_fitgen:Trainable params: 691
01/28/2018 12:08:03:oct4_cnn_create_shape_fitgen:Non-trainable params: 0
01/28/2018 12:08:03:oct4_cnn_create_shape_fitgen:_________________________________________________________________
01/28/2018 12:08:03:oct4_cnn_create_shape_fitgen:Predict: oct4_cnn_create_shape_fitgen
01/28/2018 12:08:03:oct4_cnn_create_shape_fitgen:Input:
01/28/2018 12:08:03:oct4_cnn_create_shape_fitgen:	dna: (7997, 4, 200, 1)
01/28/2018 12:08:04:oct4_cnn_create_keras_fit:Model Summary:
01/28/2018 12:08:04:oct4_cnn_create_keras_fit:_________________________________________________________________
01/28/2018 12:08:04:oct4_cnn_create_keras_fit:Layer (type)                 Output Shape              Param #   
01/28/2018 12:08:04:oct4_cnn_create_keras_fit:=================================================================
01/28/2018 12:08:04:oct4_cnn_create_keras_fit:dna (InputLayer)             (None, 4, 200, 1)         0         
01/28/2018 12:08:04:oct4_cnn_create_keras_fit:_________________________________________________________________
01/28/2018 12:08:04:oct4_cnn_create_keras_fit:conv2d_1 (Conv2D)            (None, 1, 180, 30)        2550      
01/28/2018 12:08:04:oct4_cnn_create_keras_fit:_________________________________________________________________
01/28/2018 12:08:04:oct4_cnn_create_keras_fit:global_average_pooling2d_1 ( (None, 30)                0         
01/28/2018 12:08:04:oct4_cnn_create_keras_fit:_________________________________________________________________
01/28/2018 12:08:04:oct4_cnn_create_keras_fit:y (Dense)                    (None, 1)                 31        
01/28/2018 12:08:04:oct4_cnn_create_keras_fit:=================================================================
01/28/2018 12:08:04:oct4_cnn_create_keras_fit:Total params: 2,581
01/28/2018 12:08:04:oct4_cnn_create_keras_fit:Trainable params: 2,581
01/28/2018 12:08:04:oct4_cnn_create_keras_fit:Non-trainable params: 0
01/28/2018 12:08:04:oct4_cnn_create_keras_fit:_________________________________________________________________
01/28/2018 12:08:04:oct4_cnn_create_keras_fit:Fit: oct4_cnn_create_keras_fit
01/28/2018 12:08:04:oct4_cnn_create_keras_fit:Input:
01/28/2018 12:08:04:oct4_cnn_create_keras_fit:	dna: (7997, 4, 200, 1)
01/28/2018 12:08:04:oct4_cnn_create_keras_fit:Output:
01/28/2018 12:08:04:oct4_cnn_create_keras_fit:	y: (7997, 1)
01/28/2018 12:08:19:oct4_cnn_create_keras_fit:########################################
01/28/2018 12:08:19:oct4_cnn_create_keras_fit:loss: 0.571747
01/28/2018 12:08:19:oct4_cnn_create_keras_fit:acc: 0.710641
01/28/2018 12:08:19:oct4_cnn_create_keras_fit:########################################
01/28/2018 12:08:19:oct4_cnn_create_keras_fit:Save model oct4_result/models/oct4_cnn_create_keras_fit.h5
01/28/2018 12:08:19:oct4_cnn_create_keras_fit:Training finished after 15.751 s
01/28/2018 12:08:20:oct4_cnn_create_shape_fit:Model Summary:
01/28/2018 12:08:20:oct4_cnn_create_shape_fit:_________________________________________________________________
01/28/2018 12:08:20:oct4_cnn_create_shape_fit:Layer (type)                 Output Shape              Param #   
01/28/2018 12:08:20:oct4_cnn_create_shape_fit:=================================================================
01/28/2018 12:08:20:oct4_cnn_create_shape_fit:dna (InputLayer)             (None, 4, 200, 1)         0         
01/28/2018 12:08:20:oct4_cnn_create_shape_fit:_________________________________________________________________
01/28/2018 12:08:20:oct4_cnn_create_shape_fit:conv2d_1 (Conv2D)            (None, 4, 180, 30)        660       
01/28/2018 12:08:20:oct4_cnn_create_shape_fit:_________________________________________________________________
01/28/2018 12:08:20:oct4_cnn_create_shape_fit:global_average_pooling2d_1 ( (None, 30)                0         
01/28/2018 12:08:20:oct4_cnn_create_shape_fit:_________________________________________________________________
01/28/2018 12:08:20:oct4_cnn_create_shape_fit:y (Dense)                    (None, 1)                 31        
01/28/2018 12:08:20:oct4_cnn_create_shape_fit:=================================================================
01/28/2018 12:08:20:oct4_cnn_create_shape_fit:Total params: 691
01/28/2018 12:08:20:oct4_cnn_create_shape_fit:Trainable params: 691
01/28/2018 12:08:20:oct4_cnn_create_shape_fit:Non-trainable params: 0
01/28/2018 12:08:20:oct4_cnn_create_shape_fit:_________________________________________________________________
01/28/2018 12:08:20:oct4_cnn_create_shape_fit:Predict: oct4_cnn_create_shape_fit
01/28/2018 12:08:20:oct4_cnn_create_shape_fit:Input:
01/28/2018 12:08:20:oct4_cnn_create_shape_fit:	dna: (7997, 4, 200, 1)
01/28/2018 12:08:21:oct4_cnn_create_keras_fit:Model Summary:
01/28/2018 12:08:21:oct4_cnn_create_keras_fit:_________________________________________________________________
01/28/2018 12:08:21:oct4_cnn_create_keras_fit:Layer (type)                 Output Shape              Param #   
01/28/2018 12:08:21:oct4_cnn_create_keras_fit:=================================================================
01/28/2018 12:08:21:oct4_cnn_create_keras_fit:dna (InputLayer)             (None, 4, 200, 1)         0         
01/28/2018 12:08:21:oct4_cnn_create_keras_fit:_________________________________________________________________
01/28/2018 12:08:21:oct4_cnn_create_keras_fit:conv2d_1 (Conv2D)            (None, 1, 180, 30)        2550      
01/28/2018 12:08:21:oct4_cnn_create_keras_fit:_________________________________________________________________
01/28/2018 12:08:21:oct4_cnn_create_keras_fit:global_average_pooling2d_1 ( (None, 30)                0         
01/28/2018 12:08:21:oct4_cnn_create_keras_fit:_________________________________________________________________
01/28/2018 12:08:21:oct4_cnn_create_keras_fit:y (Dense)                    (None, 1)                 31        
01/28/2018 12:08:21:oct4_cnn_create_keras_fit:=================================================================
01/28/2018 12:08:21:oct4_cnn_create_keras_fit:Total params: 2,581
01/28/2018 12:08:21:oct4_cnn_create_keras_fit:Trainable params: 2,581
01/28/2018 12:08:21:oct4_cnn_create_keras_fit:Non-trainable params: 0
01/28/2018 12:08:21:oct4_cnn_create_keras_fit:_________________________________________________________________
01/28/2018 12:08:21:oct4_cnn_create_keras_fit:Predict: oct4_cnn_create_keras_fit
01/28/2018 12:08:21:oct4_cnn_create_keras_fit:Input:
01/28/2018 12:08:21:oct4_cnn_create_keras_fit:	dna: (7997, 4, 200, 1)
01/28/2018 12:08:22:oct4_cnn_create_shape_fitgen:Model Summary:
01/28/2018 12:08:22:oct4_cnn_create_shape_fitgen:_________________________________________________________________
01/28/2018 12:08:22:oct4_cnn_create_shape_fitgen:Layer (type)                 Output Shape              Param #   
01/28/2018 12:08:22:oct4_cnn_create_shape_fitgen:=================================================================
01/28/2018 12:08:22:oct4_cnn_create_shape_fitgen:dna (InputLayer)             (None, 4, 200, 1)         0         
01/28/2018 12:08:22:oct4_cnn_create_shape_fitgen:_________________________________________________________________
01/28/2018 12:08:22:oct4_cnn_create_shape_fitgen:conv2d_1 (Conv2D)            (None, 4, 180, 30)        660       
01/28/2018 12:08:22:oct4_cnn_create_shape_fitgen:_________________________________________________________________
01/28/2018 12:08:22:oct4_cnn_create_shape_fitgen:global_average_pooling2d_1 ( (None, 30)                0         
01/28/2018 12:08:22:oct4_cnn_create_shape_fitgen:_________________________________________________________________
01/28/2018 12:08:22:oct4_cnn_create_shape_fitgen:y (Dense)                    (None, 1)                 31        
01/28/2018 12:08:22:oct4_cnn_create_shape_fitgen:=================================================================
01/28/2018 12:08:22:oct4_cnn_create_shape_fitgen:Total params: 691
01/28/2018 12:08:22:oct4_cnn_create_shape_fitgen:Trainable params: 691
01/28/2018 12:08:22:oct4_cnn_create_shape_fitgen:Non-trainable params: 0
01/28/2018 12:08:22:oct4_cnn_create_shape_fitgen:_________________________________________________________________
01/28/2018 12:08:22:oct4_cnn_create_shape_fitgen:Predict: oct4_cnn_create_shape_fitgen
01/28/2018 12:08:22:oct4_cnn_create_shape_fitgen:Input:
01/28/2018 12:08:22:oct4_cnn_create_shape_fitgen:	dna: (7997, 4, 200, 1)
01/28/2018 12:08:23:oct4_cnn_create_keras_fit:Model Summary:
01/28/2018 12:08:23:oct4_cnn_create_keras_fit:_________________________________________________________________
01/28/2018 12:08:23:oct4_cnn_create_keras_fit:Layer (type)                 Output Shape              Param #   
01/28/2018 12:08:23:oct4_cnn_create_keras_fit:=================================================================
01/28/2018 12:08:23:oct4_cnn_create_keras_fit:dna (InputLayer)             (None, 4, 200, 1)         0         
01/28/2018 12:08:23:oct4_cnn_create_keras_fit:_________________________________________________________________
01/28/2018 12:08:23:oct4_cnn_create_keras_fit:conv2d_1 (Conv2D)            (None, 1, 180, 30)        2550      
01/28/2018 12:08:23:oct4_cnn_create_keras_fit:_________________________________________________________________
01/28/2018 12:08:23:oct4_cnn_create_keras_fit:global_average_pooling2d_1 ( (None, 30)                0         
01/28/2018 12:08:23:oct4_cnn_create_keras_fit:_________________________________________________________________
01/28/2018 12:08:23:oct4_cnn_create_keras_fit:y (Dense)                    (None, 1)                 31        
01/28/2018 12:08:23:oct4_cnn_create_keras_fit:=================================================================
01/28/2018 12:08:23:oct4_cnn_create_keras_fit:Total params: 2,581
01/28/2018 12:08:23:oct4_cnn_create_keras_fit:Trainable params: 2,581
01/28/2018 12:08:23:oct4_cnn_create_keras_fit:Non-trainable params: 0
01/28/2018 12:08:23:oct4_cnn_create_keras_fit:_________________________________________________________________
01/28/2018 12:08:23:oct4_cnn_create_keras_fit:Fit: oct4_cnn_create_keras_fit
01/28/2018 12:08:23:oct4_cnn_create_keras_fit:Input:
01/28/2018 12:08:23:oct4_cnn_create_keras_fit:	dna: (7997, 4, 200, 1)
01/28/2018 12:08:23:oct4_cnn_create_keras_fit:Output:
01/28/2018 12:08:23:oct4_cnn_create_keras_fit:	y: (7997, 1)
01/28/2018 12:08:39:oct4_cnn_create_keras_fit:########################################
01/28/2018 12:08:39:oct4_cnn_create_keras_fit:loss: 0.571466
01/28/2018 12:08:39:oct4_cnn_create_keras_fit:acc: 0.709141
01/28/2018 12:08:39:oct4_cnn_create_keras_fit:########################################
01/28/2018 12:08:39:oct4_cnn_create_keras_fit:Save model oct4_result/models/oct4_cnn_create_keras_fit.h5
01/28/2018 12:08:39:oct4_cnn_create_keras_fit:Training finished after 16.715 s
01/28/2018 12:08:40:oct4_cnn_create_shape_fit:Model Summary:
01/28/2018 12:08:40:oct4_cnn_create_shape_fit:_________________________________________________________________
01/28/2018 12:08:40:oct4_cnn_create_shape_fit:Layer (type)                 Output Shape              Param #   
01/28/2018 12:08:40:oct4_cnn_create_shape_fit:=================================================================
01/28/2018 12:08:40:oct4_cnn_create_shape_fit:dna (InputLayer)             (None, 4, 200, 1)         0         
01/28/2018 12:08:40:oct4_cnn_create_shape_fit:_________________________________________________________________
01/28/2018 12:08:40:oct4_cnn_create_shape_fit:conv2d_1 (Conv2D)            (None, 4, 180, 30)        660       
01/28/2018 12:08:40:oct4_cnn_create_shape_fit:_________________________________________________________________
01/28/2018 12:08:40:oct4_cnn_create_shape_fit:global_average_pooling2d_1 ( (None, 30)                0         
01/28/2018 12:08:40:oct4_cnn_create_shape_fit:_________________________________________________________________
01/28/2018 12:08:40:oct4_cnn_create_shape_fit:y (Dense)                    (None, 1)                 31        
01/28/2018 12:08:40:oct4_cnn_create_shape_fit:=================================================================
01/28/2018 12:08:40:oct4_cnn_create_shape_fit:Total params: 691
01/28/2018 12:08:40:oct4_cnn_create_shape_fit:Trainable params: 691
01/28/2018 12:08:40:oct4_cnn_create_shape_fit:Non-trainable params: 0
01/28/2018 12:08:40:oct4_cnn_create_shape_fit:_________________________________________________________________
01/28/2018 12:08:40:oct4_cnn_create_shape_fit:Predict: oct4_cnn_create_shape_fit
01/28/2018 12:08:40:oct4_cnn_create_shape_fit:Input:
01/28/2018 12:08:40:oct4_cnn_create_shape_fit:	dna: (7997, 4, 200, 1)
01/28/2018 12:08:41:oct4_cnn_create_keras_fit:Model Summary:
01/28/2018 12:08:41:oct4_cnn_create_keras_fit:_________________________________________________________________
01/28/2018 12:08:41:oct4_cnn_create_keras_fit:Layer (type)                 Output Shape              Param #   
01/28/2018 12:08:41:oct4_cnn_create_keras_fit:=================================================================
01/28/2018 12:08:41:oct4_cnn_create_keras_fit:dna (InputLayer)             (None, 4, 200, 1)         0         
01/28/2018 12:08:41:oct4_cnn_create_keras_fit:_________________________________________________________________
01/28/2018 12:08:41:oct4_cnn_create_keras_fit:conv2d_1 (Conv2D)            (None, 1, 180, 30)        2550      
01/28/2018 12:08:41:oct4_cnn_create_keras_fit:_________________________________________________________________
01/28/2018 12:08:41:oct4_cnn_create_keras_fit:global_average_pooling2d_1 ( (None, 30)                0         
01/28/2018 12:08:41:oct4_cnn_create_keras_fit:_________________________________________________________________
01/28/2018 12:08:41:oct4_cnn_create_keras_fit:y (Dense)                    (None, 1)                 31        
01/28/2018 12:08:41:oct4_cnn_create_keras_fit:=================================================================
01/28/2018 12:08:41:oct4_cnn_create_keras_fit:Total params: 2,581
01/28/2018 12:08:41:oct4_cnn_create_keras_fit:Trainable params: 2,581
01/28/2018 12:08:41:oct4_cnn_create_keras_fit:Non-trainable params: 0
01/28/2018 12:08:41:oct4_cnn_create_keras_fit:_________________________________________________________________
01/28/2018 12:08:41:oct4_cnn_create_keras_fit:Predict: oct4_cnn_create_keras_fit
01/28/2018 12:08:41:oct4_cnn_create_keras_fit:Input:
01/28/2018 12:08:41:oct4_cnn_create_keras_fit:	dna: (7997, 4, 200, 1)
01/28/2018 12:08:42:oct4_cnn_create_shape_fitgen:Model Summary:
01/28/2018 12:08:42:oct4_cnn_create_shape_fitgen:_________________________________________________________________
01/28/2018 12:08:42:oct4_cnn_create_shape_fitgen:Layer (type)                 Output Shape              Param #   
01/28/2018 12:08:42:oct4_cnn_create_shape_fitgen:=================================================================
01/28/2018 12:08:42:oct4_cnn_create_shape_fitgen:dna (InputLayer)             (None, 4, 200, 1)         0         
01/28/2018 12:08:42:oct4_cnn_create_shape_fitgen:_________________________________________________________________
01/28/2018 12:08:42:oct4_cnn_create_shape_fitgen:conv2d_1 (Conv2D)            (None, 4, 180, 30)        660       
01/28/2018 12:08:42:oct4_cnn_create_shape_fitgen:_________________________________________________________________
01/28/2018 12:08:42:oct4_cnn_create_shape_fitgen:global_average_pooling2d_1 ( (None, 30)                0         
01/28/2018 12:08:42:oct4_cnn_create_shape_fitgen:_________________________________________________________________
01/28/2018 12:08:42:oct4_cnn_create_shape_fitgen:y (Dense)                    (None, 1)                 31        
01/28/2018 12:08:42:oct4_cnn_create_shape_fitgen:=================================================================
01/28/2018 12:08:42:oct4_cnn_create_shape_fitgen:Total params: 691
01/28/2018 12:08:42:oct4_cnn_create_shape_fitgen:Trainable params: 691
01/28/2018 12:08:42:oct4_cnn_create_shape_fitgen:Non-trainable params: 0
01/28/2018 12:08:42:oct4_cnn_create_shape_fitgen:_________________________________________________________________
01/28/2018 12:08:42:oct4_cnn_create_shape_fitgen:Predict: oct4_cnn_create_shape_fitgen
01/28/2018 12:08:42:oct4_cnn_create_shape_fitgen:Input:
01/28/2018 12:08:42:oct4_cnn_create_shape_fitgen:	dna: (7997, 4, 200, 1)
01/28/2018 12:08:42:oct4_cnn_create_keras_fitgen:Model Summary:
01/28/2018 12:08:42:oct4_cnn_create_keras_fitgen:_________________________________________________________________
01/28/2018 12:08:42:oct4_cnn_create_keras_fitgen:Layer (type)                 Output Shape              Param #   
01/28/2018 12:08:42:oct4_cnn_create_keras_fitgen:=================================================================
01/28/2018 12:08:42:oct4_cnn_create_keras_fitgen:dna (InputLayer)             (None, 4, 200, 1)         0         
01/28/2018 12:08:42:oct4_cnn_create_keras_fitgen:_________________________________________________________________
01/28/2018 12:08:42:oct4_cnn_create_keras_fitgen:conv2d_1 (Conv2D)            (None, 1, 180, 30)        2550      
01/28/2018 12:08:42:oct4_cnn_create_keras_fitgen:_________________________________________________________________
01/28/2018 12:08:42:oct4_cnn_create_keras_fitgen:global_average_pooling2d_1 ( (None, 30)                0         
01/28/2018 12:08:42:oct4_cnn_create_keras_fitgen:_________________________________________________________________
01/28/2018 12:08:42:oct4_cnn_create_keras_fitgen:y (Dense)                    (None, 1)                 31        
01/28/2018 12:08:42:oct4_cnn_create_keras_fitgen:=================================================================
01/28/2018 12:08:42:oct4_cnn_create_keras_fitgen:Total params: 2,581
01/28/2018 12:08:42:oct4_cnn_create_keras_fitgen:Trainable params: 2,581
01/28/2018 12:08:42:oct4_cnn_create_keras_fitgen:Non-trainable params: 0
01/28/2018 12:08:42:oct4_cnn_create_keras_fitgen:_________________________________________________________________
01/28/2018 12:08:42:oct4_cnn_create_keras_fitgen:Fit: oct4_cnn_create_keras_fitgen
01/28/2018 12:08:42:oct4_cnn_create_keras_fitgen:Input:
01/28/2018 12:08:42:oct4_cnn_create_keras_fitgen:	dna: (7997, 4, 200, 1)
01/28/2018 12:08:42:oct4_cnn_create_keras_fitgen:Output:
01/28/2018 12:08:42:oct4_cnn_create_keras_fitgen:	y: (7997, 1)
01/28/2018 12:08:58:oct4_cnn_create_keras_fitgen:########################################
01/28/2018 12:08:58:oct4_cnn_create_keras_fitgen:loss: 0.572946
01/28/2018 12:08:58:oct4_cnn_create_keras_fitgen:acc: 0.708625
01/28/2018 12:08:58:oct4_cnn_create_keras_fitgen:########################################
01/28/2018 12:08:58:oct4_cnn_create_keras_fitgen:Save model oct4_result/models/oct4_cnn_create_keras_fitgen.h5
01/28/2018 12:08:58:oct4_cnn_create_keras_fitgen:Training finished after 16.086 s
01/28/2018 12:08:59:oct4_cnn_create_shape_fit:Model Summary:
01/28/2018 12:08:59:oct4_cnn_create_shape_fit:_________________________________________________________________
01/28/2018 12:08:59:oct4_cnn_create_shape_fit:Layer (type)                 Output Shape              Param #   
01/28/2018 12:08:59:oct4_cnn_create_shape_fit:=================================================================
01/28/2018 12:08:59:oct4_cnn_create_shape_fit:dna (InputLayer)             (None, 4, 200, 1)         0         
01/28/2018 12:08:59:oct4_cnn_create_shape_fit:_________________________________________________________________
01/28/2018 12:08:59:oct4_cnn_create_shape_fit:conv2d_1 (Conv2D)            (None, 4, 180, 30)        660       
01/28/2018 12:08:59:oct4_cnn_create_shape_fit:_________________________________________________________________
01/28/2018 12:08:59:oct4_cnn_create_shape_fit:global_average_pooling2d_1 ( (None, 30)                0         
01/28/2018 12:08:59:oct4_cnn_create_shape_fit:_________________________________________________________________
01/28/2018 12:08:59:oct4_cnn_create_shape_fit:y (Dense)                    (None, 1)                 31        
01/28/2018 12:08:59:oct4_cnn_create_shape_fit:=================================================================
01/28/2018 12:08:59:oct4_cnn_create_shape_fit:Total params: 691
01/28/2018 12:08:59:oct4_cnn_create_shape_fit:Trainable params: 691
01/28/2018 12:08:59:oct4_cnn_create_shape_fit:Non-trainable params: 0
01/28/2018 12:08:59:oct4_cnn_create_shape_fit:_________________________________________________________________
01/28/2018 12:08:59:oct4_cnn_create_shape_fit:Predict: oct4_cnn_create_shape_fit
01/28/2018 12:08:59:oct4_cnn_create_shape_fit:Input:
01/28/2018 12:08:59:oct4_cnn_create_shape_fit:	dna: (7997, 4, 200, 1)
01/28/2018 12:09:00:oct4_cnn_create_keras_fit:Model Summary:
01/28/2018 12:09:00:oct4_cnn_create_keras_fit:_________________________________________________________________
01/28/2018 12:09:00:oct4_cnn_create_keras_fit:Layer (type)                 Output Shape              Param #   
01/28/2018 12:09:00:oct4_cnn_create_keras_fit:=================================================================
01/28/2018 12:09:00:oct4_cnn_create_keras_fit:dna (InputLayer)             (None, 4, 200, 1)         0         
01/28/2018 12:09:00:oct4_cnn_create_keras_fit:_________________________________________________________________
01/28/2018 12:09:00:oct4_cnn_create_keras_fit:conv2d_1 (Conv2D)            (None, 1, 180, 30)        2550      
01/28/2018 12:09:00:oct4_cnn_create_keras_fit:_________________________________________________________________
01/28/2018 12:09:00:oct4_cnn_create_keras_fit:global_average_pooling2d_1 ( (None, 30)                0         
01/28/2018 12:09:00:oct4_cnn_create_keras_fit:_________________________________________________________________
01/28/2018 12:09:00:oct4_cnn_create_keras_fit:y (Dense)                    (None, 1)                 31        
01/28/2018 12:09:00:oct4_cnn_create_keras_fit:=================================================================
01/28/2018 12:09:00:oct4_cnn_create_keras_fit:Total params: 2,581
01/28/2018 12:09:00:oct4_cnn_create_keras_fit:Trainable params: 2,581
01/28/2018 12:09:00:oct4_cnn_create_keras_fit:Non-trainable params: 0
01/28/2018 12:09:00:oct4_cnn_create_keras_fit:_________________________________________________________________
01/28/2018 12:09:00:oct4_cnn_create_keras_fit:Predict: oct4_cnn_create_keras_fit
01/28/2018 12:09:00:oct4_cnn_create_keras_fit:Input:
01/28/2018 12:09:00:oct4_cnn_create_keras_fit:	dna: (7997, 4, 200, 1)
01/28/2018 12:09:01:oct4_cnn_create_keras_fitgen:Model Summary:
01/28/2018 12:09:01:oct4_cnn_create_keras_fitgen:_________________________________________________________________
01/28/2018 12:09:01:oct4_cnn_create_keras_fitgen:Layer (type)                 Output Shape              Param #   
01/28/2018 12:09:01:oct4_cnn_create_keras_fitgen:=================================================================
01/28/2018 12:09:01:oct4_cnn_create_keras_fitgen:dna (InputLayer)             (None, 4, 200, 1)         0         
01/28/2018 12:09:01:oct4_cnn_create_keras_fitgen:_________________________________________________________________
01/28/2018 12:09:01:oct4_cnn_create_keras_fitgen:conv2d_1 (Conv2D)            (None, 1, 180, 30)        2550      
01/28/2018 12:09:01:oct4_cnn_create_keras_fitgen:_________________________________________________________________
01/28/2018 12:09:01:oct4_cnn_create_keras_fitgen:global_average_pooling2d_1 ( (None, 30)                0         
01/28/2018 12:09:01:oct4_cnn_create_keras_fitgen:_________________________________________________________________
01/28/2018 12:09:01:oct4_cnn_create_keras_fitgen:y (Dense)                    (None, 1)                 31        
01/28/2018 12:09:01:oct4_cnn_create_keras_fitgen:=================================================================
01/28/2018 12:09:01:oct4_cnn_create_keras_fitgen:Total params: 2,581
01/28/2018 12:09:01:oct4_cnn_create_keras_fitgen:Trainable params: 2,581
01/28/2018 12:09:01:oct4_cnn_create_keras_fitgen:Non-trainable params: 0
01/28/2018 12:09:01:oct4_cnn_create_keras_fitgen:_________________________________________________________________
01/28/2018 12:09:01:oct4_cnn_create_keras_fitgen:Predict: oct4_cnn_create_keras_fitgen
01/28/2018 12:09:01:oct4_cnn_create_keras_fitgen:Input:
01/28/2018 12:09:01:oct4_cnn_create_keras_fitgen:	dna: (7997, 4, 200, 1)
01/28/2018 12:09:02:oct4_cnn_create_shape_fitgen:Model Summary:
01/28/2018 12:09:02:oct4_cnn_create_shape_fitgen:_________________________________________________________________
01/28/2018 12:09:02:oct4_cnn_create_shape_fitgen:Layer (type)                 Output Shape              Param #   
01/28/2018 12:09:02:oct4_cnn_create_shape_fitgen:=================================================================
01/28/2018 12:09:02:oct4_cnn_create_shape_fitgen:dna (InputLayer)             (None, 4, 200, 1)         0         
01/28/2018 12:09:02:oct4_cnn_create_shape_fitgen:_________________________________________________________________
01/28/2018 12:09:02:oct4_cnn_create_shape_fitgen:conv2d_1 (Conv2D)            (None, 4, 180, 30)        660       
01/28/2018 12:09:02:oct4_cnn_create_shape_fitgen:_________________________________________________________________
01/28/2018 12:09:02:oct4_cnn_create_shape_fitgen:global_average_pooling2d_1 ( (None, 30)                0         
01/28/2018 12:09:02:oct4_cnn_create_shape_fitgen:_________________________________________________________________
01/28/2018 12:09:02:oct4_cnn_create_shape_fitgen:y (Dense)                    (None, 1)                 31        
01/28/2018 12:09:02:oct4_cnn_create_shape_fitgen:=================================================================
01/28/2018 12:09:02:oct4_cnn_create_shape_fitgen:Total params: 691
01/28/2018 12:09:02:oct4_cnn_create_shape_fitgen:Trainable params: 691
01/28/2018 12:09:02:oct4_cnn_create_shape_fitgen:Non-trainable params: 0
01/28/2018 12:09:02:oct4_cnn_create_shape_fitgen:_________________________________________________________________
01/28/2018 12:09:02:oct4_cnn_create_shape_fitgen:Predict: oct4_cnn_create_shape_fitgen
01/28/2018 12:09:02:oct4_cnn_create_shape_fitgen:Input:
01/28/2018 12:09:02:oct4_cnn_create_shape_fitgen:	dna: (7997, 4, 200, 1)
01/28/2018 12:09:02:oct4_cnn_create_keras_fitgen:Model Summary:
01/28/2018 12:09:02:oct4_cnn_create_keras_fitgen:_________________________________________________________________
01/28/2018 12:09:02:oct4_cnn_create_keras_fitgen:Layer (type)                 Output Shape              Param #   
01/28/2018 12:09:02:oct4_cnn_create_keras_fitgen:=================================================================
01/28/2018 12:09:02:oct4_cnn_create_keras_fitgen:dna (InputLayer)             (None, 4, 200, 1)         0         
01/28/2018 12:09:02:oct4_cnn_create_keras_fitgen:_________________________________________________________________
01/28/2018 12:09:02:oct4_cnn_create_keras_fitgen:conv2d_1 (Conv2D)            (None, 1, 180, 30)        2550      
01/28/2018 12:09:02:oct4_cnn_create_keras_fitgen:_________________________________________________________________
01/28/2018 12:09:02:oct4_cnn_create_keras_fitgen:global_average_pooling2d_1 ( (None, 30)                0         
01/28/2018 12:09:02:oct4_cnn_create_keras_fitgen:_________________________________________________________________
01/28/2018 12:09:02:oct4_cnn_create_keras_fitgen:y (Dense)                    (None, 1)                 31        
01/28/2018 12:09:02:oct4_cnn_create_keras_fitgen:=================================================================
01/28/2018 12:09:02:oct4_cnn_create_keras_fitgen:Total params: 2,581
01/28/2018 12:09:02:oct4_cnn_create_keras_fitgen:Trainable params: 2,581
01/28/2018 12:09:02:oct4_cnn_create_keras_fitgen:Non-trainable params: 0
01/28/2018 12:09:02:oct4_cnn_create_keras_fitgen:_________________________________________________________________
01/28/2018 12:09:02:oct4_cnn_create_keras_fitgen:Fit: oct4_cnn_create_keras_fitgen
01/28/2018 12:09:02:oct4_cnn_create_keras_fitgen:Input:
01/28/2018 12:09:02:oct4_cnn_create_keras_fitgen:	dna: (7997, 4, 200, 1)
01/28/2018 12:09:02:oct4_cnn_create_keras_fitgen:Output:
01/28/2018 12:09:02:oct4_cnn_create_keras_fitgen:	y: (7997, 1)
01/28/2018 12:09:19:oct4_cnn_create_keras_fitgen:########################################
01/28/2018 12:09:19:oct4_cnn_create_keras_fitgen:loss: 0.574254
01/28/2018 12:09:19:oct4_cnn_create_keras_fitgen:acc: 0.710016
01/28/2018 12:09:19:oct4_cnn_create_keras_fitgen:########################################
01/28/2018 12:09:19:oct4_cnn_create_keras_fitgen:Save model oct4_result/models/oct4_cnn_create_keras_fitgen.h5
01/28/2018 12:09:19:oct4_cnn_create_keras_fitgen:Training finished after 16.690 s
01/28/2018 12:09:19:oct4_cnn_create_shape_fit:Model Summary:
01/28/2018 12:09:19:oct4_cnn_create_shape_fit:_________________________________________________________________
01/28/2018 12:09:19:oct4_cnn_create_shape_fit:Layer (type)                 Output Shape              Param #   
01/28/2018 12:09:19:oct4_cnn_create_shape_fit:=================================================================
01/28/2018 12:09:19:oct4_cnn_create_shape_fit:dna (InputLayer)             (None, 4, 200, 1)         0         
01/28/2018 12:09:19:oct4_cnn_create_shape_fit:_________________________________________________________________
01/28/2018 12:09:19:oct4_cnn_create_shape_fit:conv2d_1 (Conv2D)            (None, 4, 180, 30)        660       
01/28/2018 12:09:19:oct4_cnn_create_shape_fit:_________________________________________________________________
01/28/2018 12:09:19:oct4_cnn_create_shape_fit:global_average_pooling2d_1 ( (None, 30)                0         
01/28/2018 12:09:19:oct4_cnn_create_shape_fit:_________________________________________________________________
01/28/2018 12:09:19:oct4_cnn_create_shape_fit:y (Dense)                    (None, 1)                 31        
01/28/2018 12:09:19:oct4_cnn_create_shape_fit:=================================================================
01/28/2018 12:09:19:oct4_cnn_create_shape_fit:Total params: 691
01/28/2018 12:09:19:oct4_cnn_create_shape_fit:Trainable params: 691
01/28/2018 12:09:19:oct4_cnn_create_shape_fit:Non-trainable params: 0
01/28/2018 12:09:19:oct4_cnn_create_shape_fit:_________________________________________________________________
01/28/2018 12:09:19:oct4_cnn_create_shape_fit:Predict: oct4_cnn_create_shape_fit
01/28/2018 12:09:19:oct4_cnn_create_shape_fit:Input:
01/28/2018 12:09:19:oct4_cnn_create_shape_fit:	dna: (7997, 4, 200, 1)
01/28/2018 12:09:20:oct4_cnn_create_keras_fit:Model Summary:
01/28/2018 12:09:20:oct4_cnn_create_keras_fit:_________________________________________________________________
01/28/2018 12:09:20:oct4_cnn_create_keras_fit:Layer (type)                 Output Shape              Param #   
01/28/2018 12:09:20:oct4_cnn_create_keras_fit:=================================================================
01/28/2018 12:09:20:oct4_cnn_create_keras_fit:dna (InputLayer)             (None, 4, 200, 1)         0         
01/28/2018 12:09:20:oct4_cnn_create_keras_fit:_________________________________________________________________
01/28/2018 12:09:20:oct4_cnn_create_keras_fit:conv2d_1 (Conv2D)            (None, 1, 180, 30)        2550      
01/28/2018 12:09:20:oct4_cnn_create_keras_fit:_________________________________________________________________
01/28/2018 12:09:20:oct4_cnn_create_keras_fit:global_average_pooling2d_1 ( (None, 30)                0         
01/28/2018 12:09:20:oct4_cnn_create_keras_fit:_________________________________________________________________
01/28/2018 12:09:20:oct4_cnn_create_keras_fit:y (Dense)                    (None, 1)                 31        
01/28/2018 12:09:20:oct4_cnn_create_keras_fit:=================================================================
01/28/2018 12:09:20:oct4_cnn_create_keras_fit:Total params: 2,581
01/28/2018 12:09:20:oct4_cnn_create_keras_fit:Trainable params: 2,581
01/28/2018 12:09:20:oct4_cnn_create_keras_fit:Non-trainable params: 0
01/28/2018 12:09:20:oct4_cnn_create_keras_fit:_________________________________________________________________
01/28/2018 12:09:20:oct4_cnn_create_keras_fit:Predict: oct4_cnn_create_keras_fit
01/28/2018 12:09:20:oct4_cnn_create_keras_fit:Input:
01/28/2018 12:09:20:oct4_cnn_create_keras_fit:	dna: (7997, 4, 200, 1)
01/28/2018 12:09:22:oct4_cnn_create_keras_fitgen:Model Summary:
01/28/2018 12:09:22:oct4_cnn_create_keras_fitgen:_________________________________________________________________
01/28/2018 12:09:22:oct4_cnn_create_keras_fitgen:Layer (type)                 Output Shape              Param #   
01/28/2018 12:09:22:oct4_cnn_create_keras_fitgen:=================================================================
01/28/2018 12:09:22:oct4_cnn_create_keras_fitgen:dna (InputLayer)             (None, 4, 200, 1)         0         
01/28/2018 12:09:22:oct4_cnn_create_keras_fitgen:_________________________________________________________________
01/28/2018 12:09:22:oct4_cnn_create_keras_fitgen:conv2d_1 (Conv2D)            (None, 1, 180, 30)        2550      
01/28/2018 12:09:22:oct4_cnn_create_keras_fitgen:_________________________________________________________________
01/28/2018 12:09:22:oct4_cnn_create_keras_fitgen:global_average_pooling2d_1 ( (None, 30)                0         
01/28/2018 12:09:22:oct4_cnn_create_keras_fitgen:_________________________________________________________________
01/28/2018 12:09:22:oct4_cnn_create_keras_fitgen:y (Dense)                    (None, 1)                 31        
01/28/2018 12:09:22:oct4_cnn_create_keras_fitgen:=================================================================
01/28/2018 12:09:22:oct4_cnn_create_keras_fitgen:Total params: 2,581
01/28/2018 12:09:22:oct4_cnn_create_keras_fitgen:Trainable params: 2,581
01/28/2018 12:09:22:oct4_cnn_create_keras_fitgen:Non-trainable params: 0
01/28/2018 12:09:22:oct4_cnn_create_keras_fitgen:_________________________________________________________________
01/28/2018 12:09:22:oct4_cnn_create_keras_fitgen:Predict: oct4_cnn_create_keras_fitgen
01/28/2018 12:09:22:oct4_cnn_create_keras_fitgen:Input:
01/28/2018 12:09:22:oct4_cnn_create_keras_fitgen:	dna: (7997, 4, 200, 1)
01/28/2018 12:09:23:oct4_cnn_create_shape_fitgen:Model Summary:
01/28/2018 12:09:23:oct4_cnn_create_shape_fitgen:_________________________________________________________________
01/28/2018 12:09:23:oct4_cnn_create_shape_fitgen:Layer (type)                 Output Shape              Param #   
01/28/2018 12:09:23:oct4_cnn_create_shape_fitgen:=================================================================
01/28/2018 12:09:23:oct4_cnn_create_shape_fitgen:dna (InputLayer)             (None, 4, 200, 1)         0         
01/28/2018 12:09:23:oct4_cnn_create_shape_fitgen:_________________________________________________________________
01/28/2018 12:09:23:oct4_cnn_create_shape_fitgen:conv2d_1 (Conv2D)            (None, 4, 180, 30)        660       
01/28/2018 12:09:23:oct4_cnn_create_shape_fitgen:_________________________________________________________________
01/28/2018 12:09:23:oct4_cnn_create_shape_fitgen:global_average_pooling2d_1 ( (None, 30)                0         
01/28/2018 12:09:23:oct4_cnn_create_shape_fitgen:_________________________________________________________________
01/28/2018 12:09:23:oct4_cnn_create_shape_fitgen:y (Dense)                    (None, 1)                 31        
01/28/2018 12:09:23:oct4_cnn_create_shape_fitgen:=================================================================
01/28/2018 12:09:23:oct4_cnn_create_shape_fitgen:Total params: 691
01/28/2018 12:09:23:oct4_cnn_create_shape_fitgen:Trainable params: 691
01/28/2018 12:09:23:oct4_cnn_create_shape_fitgen:Non-trainable params: 0
01/28/2018 12:09:23:oct4_cnn_create_shape_fitgen:_________________________________________________________________
01/28/2018 12:09:23:oct4_cnn_create_shape_fitgen:Predict: oct4_cnn_create_shape_fitgen
01/28/2018 12:09:23:oct4_cnn_create_shape_fitgen:Input:
01/28/2018 12:09:23:oct4_cnn_create_shape_fitgen:	dna: (7997, 4, 200, 1)
