01/27/2018 09:52:44:mnist:Model Summary:
01/27/2018 09:52:44:mnist:_________________________________________________________________
01/27/2018 09:52:44:mnist:Layer (type)                 Output Shape              Param #   
01/27/2018 09:52:44:mnist:=================================================================
01/27/2018 09:52:44:mnist:x (InputLayer)               (None, 28, 28)            0         
01/27/2018 09:52:44:mnist:_________________________________________________________________
01/27/2018 09:52:44:mnist:flatten_1 (Flatten)          (None, 784)               0         
01/27/2018 09:52:44:mnist:_________________________________________________________________
01/27/2018 09:52:44:mnist:dense_1 (Dense)              (None, 10)                7850      
01/27/2018 09:52:44:mnist:_________________________________________________________________
01/27/2018 09:52:44:mnist:y (Dense)                    (None, 10)                110       
01/27/2018 09:52:44:mnist:=================================================================
01/27/2018 09:52:44:mnist:Total params: 7,960
01/27/2018 09:52:44:mnist:Trainable params: 7,960
01/27/2018 09:52:44:mnist:Non-trainable params: 0
01/27/2018 09:52:44:mnist:_________________________________________________________________
01/27/2018 09:52:44:mnist:Fit: mnist
01/27/2018 09:52:44:mnist:Input:
01/27/2018 09:52:44:mnist:	x: (60000, 28, 28)
01/27/2018 09:52:44:mnist:Output:
01/27/2018 09:52:44:mnist:	y: (60000, 10)
01/27/2018 09:53:10:mnist:########################################
01/27/2018 09:53:10:mnist:loss: 0.441396
01/27/2018 09:53:10:mnist:acc: 0.879933
01/27/2018 09:53:10:mnist:########################################
01/27/2018 09:53:10:mnist:Save model janggo_results/models/mnist.h5
01/27/2018 09:53:10:mnist:Training finished after 26.485 s
01/27/2018 09:53:10:mnist:Predict: mnist
01/27/2018 09:53:10:mnist:Input:
01/27/2018 09:53:10:mnist:	x: (10000, 28, 28)
01/27/2018 09:53:11:mnist:Model Summary:
01/27/2018 09:53:11:mnist:_________________________________________________________________
01/27/2018 09:53:11:mnist:Layer (type)                 Output Shape              Param #   
01/27/2018 09:53:11:mnist:=================================================================
01/27/2018 09:53:11:mnist:x (InputLayer)               (None, 28, 28)            0         
01/27/2018 09:53:11:mnist:_________________________________________________________________
01/27/2018 09:53:11:mnist:flatten_1 (Flatten)          (None, 784)               0         
01/27/2018 09:53:11:mnist:_________________________________________________________________
01/27/2018 09:53:11:mnist:dense_1 (Dense)              (None, 10)                7850      
01/27/2018 09:53:11:mnist:_________________________________________________________________
01/27/2018 09:53:11:mnist:y (Dense)                    (None, 10)                110       
01/27/2018 09:53:11:mnist:=================================================================
01/27/2018 09:53:11:mnist:Total params: 7,960
01/27/2018 09:53:11:mnist:Trainable params: 7,960
01/27/2018 09:53:11:mnist:Non-trainable params: 0
01/27/2018 09:53:11:mnist:_________________________________________________________________
01/27/2018 09:53:11:mnist:Fit: mnist
01/27/2018 09:53:11:mnist:Input:
01/27/2018 09:53:11:mnist:	x: (60000, 28, 28)
01/27/2018 09:53:11:mnist:Output:
01/27/2018 09:53:11:mnist:	y: (60000, 10)
01/27/2018 09:53:46:mnist:########################################
01/27/2018 09:53:46:mnist:loss: 0.452225
01/27/2018 09:53:46:mnist:acc: 0.871600
01/27/2018 09:53:46:mnist:########################################
01/27/2018 09:53:46:mnist:Save model janggo_results/models/mnist.h5
01/27/2018 09:53:46:mnist:Training finished after 35.126 s
01/27/2018 09:53:46:mnist:Predict: mnist
01/27/2018 09:53:46:mnist:Input:
01/27/2018 09:53:46:mnist:	x: (10000, 28, 28)
01/27/2018 09:53:46:mnist:Model Summary:
01/27/2018 09:53:46:mnist:_________________________________________________________________
01/27/2018 09:53:46:mnist:Layer (type)                 Output Shape              Param #   
01/27/2018 09:53:46:mnist:=================================================================
01/27/2018 09:53:46:mnist:x (InputLayer)               (None, 28, 28)            0         
01/27/2018 09:53:46:mnist:_________________________________________________________________
01/27/2018 09:53:46:mnist:flatten_1 (Flatten)          (None, 784)               0         
01/27/2018 09:53:46:mnist:_________________________________________________________________
01/27/2018 09:53:46:mnist:dense_1 (Dense)              (None, 10)                7850      
01/27/2018 09:53:46:mnist:_________________________________________________________________
01/27/2018 09:53:46:mnist:y (Dense)                    (None, 10)                110       
01/27/2018 09:53:46:mnist:=================================================================
01/27/2018 09:53:46:mnist:Total params: 7,960
01/27/2018 09:53:46:mnist:Trainable params: 7,960
01/27/2018 09:53:46:mnist:Non-trainable params: 0
01/27/2018 09:53:46:mnist:_________________________________________________________________
01/27/2018 09:53:46:mnist:Fit: mnist
01/27/2018 09:53:46:mnist:Input:
01/27/2018 09:53:46:mnist:	x: (60000, 28, 28)
01/27/2018 09:53:46:mnist:Output:
01/27/2018 09:53:46:mnist:	y: (60000, 10)
01/27/2018 09:54:21:mnist:########################################
01/27/2018 09:54:21:mnist:loss: 0.429817
01/27/2018 09:54:21:mnist:acc: 0.881583
01/27/2018 09:54:21:mnist:########################################
01/27/2018 09:54:21:mnist:Save model janggo_results/models/mnist.h5
01/27/2018 09:54:21:mnist:Training finished after 35.238 s
01/27/2018 09:54:21:mnist:Predict: mnist
01/27/2018 09:54:21:mnist:Input:
01/27/2018 09:54:21:mnist:	x: (10000, 28, 28)
01/27/2018 09:54:48:mnist_ffn:Model Summary:
01/27/2018 09:54:48:mnist_ffn:_________________________________________________________________
01/27/2018 09:54:48:mnist_ffn:Layer (type)                 Output Shape              Param #   
01/27/2018 09:54:48:mnist_ffn:=================================================================
01/27/2018 09:54:48:mnist_ffn:x (InputLayer)               (None, 28, 28)            0         
01/27/2018 09:54:48:mnist_ffn:_________________________________________________________________
01/27/2018 09:54:48:mnist_ffn:flatten_1 (Flatten)          (None, 784)               0         
01/27/2018 09:54:48:mnist_ffn:_________________________________________________________________
01/27/2018 09:54:48:mnist_ffn:dense_1 (Dense)              (None, 10)                7850      
01/27/2018 09:54:48:mnist_ffn:_________________________________________________________________
01/27/2018 09:54:48:mnist_ffn:y (Dense)                    (None, 10)                110       
01/27/2018 09:54:48:mnist_ffn:=================================================================
01/27/2018 09:54:48:mnist_ffn:Total params: 7,960
01/27/2018 09:54:48:mnist_ffn:Trainable params: 7,960
01/27/2018 09:54:48:mnist_ffn:Non-trainable params: 0
01/27/2018 09:54:48:mnist_ffn:_________________________________________________________________
01/27/2018 09:54:48:mnist_ffn:Fit: mnist_ffn
01/27/2018 09:54:48:mnist_ffn:Input:
01/27/2018 09:54:48:mnist_ffn:	x: (60000, 28, 28)
01/27/2018 09:54:48:mnist_ffn:Output:
01/27/2018 09:54:48:mnist_ffn:	y: (60000, 10)
01/27/2018 09:55:14:mnist_ffn:########################################
01/27/2018 09:55:14:mnist_ffn:loss: 0.440425
01/27/2018 09:55:14:mnist_ffn:acc: 0.878317
01/27/2018 09:55:14:mnist_ffn:########################################
01/27/2018 09:55:14:mnist_ffn:Save model janggo_results/models/mnist_ffn.h5
01/27/2018 09:55:14:mnist_ffn:Training finished after 26.202 s
01/27/2018 09:55:14:mnist_ffn:Predict: mnist_ffn
01/27/2018 09:55:14:mnist_ffn:Input:
01/27/2018 09:55:14:mnist_ffn:	x: (10000, 28, 28)
01/27/2018 10:15:52:mnist:Model Summary:
01/27/2018 10:15:52:mnist:_________________________________________________________________
01/27/2018 10:15:52:mnist:Layer (type)                 Output Shape              Param #   
01/27/2018 10:15:52:mnist:=================================================================
01/27/2018 10:15:52:mnist:x (InputLayer)               (None, 28, 28)            0         
01/27/2018 10:15:52:mnist:_________________________________________________________________
01/27/2018 10:15:52:mnist:flatten_1 (Flatten)          (None, 784)               0         
01/27/2018 10:15:52:mnist:_________________________________________________________________
01/27/2018 10:15:52:mnist:dense_1 (Dense)              (None, 10)                7850      
01/27/2018 10:15:52:mnist:_________________________________________________________________
01/27/2018 10:15:52:mnist:y (Dense)                    (None, 10)                110       
01/27/2018 10:15:52:mnist:=================================================================
01/27/2018 10:15:52:mnist:Total params: 7,960
01/27/2018 10:15:52:mnist:Trainable params: 7,960
01/27/2018 10:15:52:mnist:Non-trainable params: 0
01/27/2018 10:15:52:mnist:_________________________________________________________________
01/27/2018 10:15:52:mnist:Fit: mnist
01/27/2018 10:15:52:mnist:Input:
01/27/2018 10:15:52:mnist:	x: (60000, 28, 28)
01/27/2018 10:15:52:mnist:Output:
01/27/2018 10:15:52:mnist:	y: (60000, 10)
01/27/2018 10:16:21:mnist:########################################
01/27/2018 10:16:21:mnist:loss: 0.427934
01/27/2018 10:16:21:mnist:acc: 0.880000
01/27/2018 10:16:21:mnist:########################################
01/27/2018 10:16:21:mnist:Save model janggo_results/models/mnist.h5
01/27/2018 10:16:21:mnist:Training finished after 29.080 s
01/27/2018 10:16:21:mnist:Predict: mnist
01/27/2018 10:16:21:mnist:Input:
01/27/2018 10:16:21:mnist:	x: (10000, 28, 28)
01/27/2018 10:16:21:mnist:Model Summary:
01/27/2018 10:16:21:mnist:_________________________________________________________________
01/27/2018 10:16:21:mnist:Layer (type)                 Output Shape              Param #   
01/27/2018 10:16:21:mnist:=================================================================
01/27/2018 10:16:21:mnist:x (InputLayer)               (None, 28, 28)            0         
01/27/2018 10:16:21:mnist:_________________________________________________________________
01/27/2018 10:16:21:mnist:flatten_1 (Flatten)          (None, 784)               0         
01/27/2018 10:16:21:mnist:_________________________________________________________________
01/27/2018 10:16:21:mnist:dense_1 (Dense)              (None, 10)                7850      
01/27/2018 10:16:21:mnist:_________________________________________________________________
01/27/2018 10:16:21:mnist:y (Dense)                    (None, 10)                110       
01/27/2018 10:16:21:mnist:=================================================================
01/27/2018 10:16:21:mnist:Total params: 7,960
01/27/2018 10:16:21:mnist:Trainable params: 7,960
01/27/2018 10:16:21:mnist:Non-trainable params: 0
01/27/2018 10:16:21:mnist:_________________________________________________________________
01/27/2018 10:16:21:mnist:Fit: mnist
01/27/2018 10:16:21:mnist:Input:
01/27/2018 10:16:21:mnist:	x: (60000, 28, 28)
01/27/2018 10:16:21:mnist:Output:
01/27/2018 10:16:21:mnist:	y: (60000, 10)
01/27/2018 10:16:55:mnist:########################################
01/27/2018 10:16:55:mnist:loss: 0.445225
01/27/2018 10:16:55:mnist:acc: 0.874283
01/27/2018 10:16:55:mnist:########################################
01/27/2018 10:16:55:mnist:Save model janggo_results/models/mnist.h5
01/27/2018 10:16:55:mnist:Training finished after 34.397 s
01/27/2018 10:16:55:mnist:Predict: mnist
01/27/2018 10:16:55:mnist:Input:
01/27/2018 10:16:55:mnist:	x: (10000, 28, 28)
01/27/2018 10:16:55:mnist:Model Summary:
01/27/2018 10:16:55:mnist:_________________________________________________________________
01/27/2018 10:16:55:mnist:Layer (type)                 Output Shape              Param #   
01/27/2018 10:16:55:mnist:=================================================================
01/27/2018 10:16:55:mnist:x (InputLayer)               (None, 28, 28)            0         
01/27/2018 10:16:55:mnist:_________________________________________________________________
01/27/2018 10:16:55:mnist:flatten_1 (Flatten)          (None, 784)               0         
01/27/2018 10:16:55:mnist:_________________________________________________________________
01/27/2018 10:16:55:mnist:dense_1 (Dense)              (None, 10)                7850      
01/27/2018 10:16:55:mnist:_________________________________________________________________
01/27/2018 10:16:55:mnist:y (Dense)                    (None, 10)                110       
01/27/2018 10:16:55:mnist:=================================================================
01/27/2018 10:16:55:mnist:Total params: 7,960
01/27/2018 10:16:55:mnist:Trainable params: 7,960
01/27/2018 10:16:55:mnist:Non-trainable params: 0
01/27/2018 10:16:55:mnist:_________________________________________________________________
01/27/2018 10:16:55:mnist:Fit: mnist
01/27/2018 10:16:55:mnist:Input:
01/27/2018 10:16:55:mnist:	x: (60000, 28, 28)
01/27/2018 10:16:55:mnist:Output:
01/27/2018 10:16:55:mnist:	y: (60000, 10)
01/27/2018 10:17:31:mnist:########################################
01/27/2018 10:17:31:mnist:loss: 0.447819
01/27/2018 10:17:31:mnist:acc: 0.879767
01/27/2018 10:17:31:mnist:########################################
01/27/2018 10:17:31:mnist:Save model janggo_results/models/mnist.h5
01/27/2018 10:17:31:mnist:Training finished after 35.975 s
01/27/2018 10:17:31:mnist:Predict: mnist
01/27/2018 10:17:31:mnist:Input:
01/27/2018 10:17:31:mnist:	x: (10000, 28, 28)
01/27/2018 10:19:37:mnist:Model Summary:
01/27/2018 10:19:37:mnist:_________________________________________________________________
01/27/2018 10:19:37:mnist:Layer (type)                 Output Shape              Param #   
01/27/2018 10:19:37:mnist:=================================================================
01/27/2018 10:19:37:mnist:x (InputLayer)               (None, 28, 28)            0         
01/27/2018 10:19:37:mnist:_________________________________________________________________
01/27/2018 10:19:37:mnist:flatten_1 (Flatten)          (None, 784)               0         
01/27/2018 10:19:37:mnist:_________________________________________________________________
01/27/2018 10:19:37:mnist:dense_1 (Dense)              (None, 10)                7850      
01/27/2018 10:19:37:mnist:_________________________________________________________________
01/27/2018 10:19:37:mnist:y (Dense)                    (None, 10)                110       
01/27/2018 10:19:37:mnist:=================================================================
01/27/2018 10:19:37:mnist:Total params: 7,960
01/27/2018 10:19:37:mnist:Trainable params: 7,960
01/27/2018 10:19:37:mnist:Non-trainable params: 0
01/27/2018 10:19:37:mnist:_________________________________________________________________
01/27/2018 10:19:37:mnist:Fit: mnist
01/27/2018 10:19:37:mnist:Input:
01/27/2018 10:19:37:mnist:	x: (60000, 28, 28)
01/27/2018 10:19:37:mnist:Output:
01/27/2018 10:19:37:mnist:	y: (60000, 10)
01/27/2018 10:20:05:mnist:########################################
01/27/2018 10:20:05:mnist:loss: 0.418101
01/27/2018 10:20:05:mnist:acc: 0.883150
01/27/2018 10:20:05:mnist:########################################
01/27/2018 10:20:05:mnist:Save model janggo_results/models/mnist.h5
01/27/2018 10:20:05:mnist:Training finished after 27.606 s
01/27/2018 10:20:05:mnist:Predict: mnist
01/27/2018 10:20:05:mnist:Input:
01/27/2018 10:20:05:mnist:	x: (10000, 28, 28)
01/27/2018 10:20:05:mnist:Model Summary:
01/27/2018 10:20:05:mnist:_________________________________________________________________
01/27/2018 10:20:05:mnist:Layer (type)                 Output Shape              Param #   
01/27/2018 10:20:05:mnist:=================================================================
01/27/2018 10:20:05:mnist:x (InputLayer)               (None, 28, 28)            0         
01/27/2018 10:20:05:mnist:_________________________________________________________________
01/27/2018 10:20:05:mnist:flatten_1 (Flatten)          (None, 784)               0         
01/27/2018 10:20:05:mnist:_________________________________________________________________
01/27/2018 10:20:05:mnist:dense_1 (Dense)              (None, 10)                7850      
01/27/2018 10:20:05:mnist:_________________________________________________________________
01/27/2018 10:20:05:mnist:y (Dense)                    (None, 10)                110       
01/27/2018 10:20:05:mnist:=================================================================
01/27/2018 10:20:05:mnist:Total params: 7,960
01/27/2018 10:20:05:mnist:Trainable params: 7,960
01/27/2018 10:20:05:mnist:Non-trainable params: 0
01/27/2018 10:20:05:mnist:_________________________________________________________________
01/27/2018 10:20:05:mnist:Fit: mnist
01/27/2018 10:20:05:mnist:Input:
01/27/2018 10:20:05:mnist:	x: (60000, 28, 28)
01/27/2018 10:20:05:mnist:Output:
01/27/2018 10:20:05:mnist:	y: (60000, 10)
01/27/2018 10:20:40:mnist:########################################
01/27/2018 10:20:40:mnist:loss: 0.424612
01/27/2018 10:20:40:mnist:acc: 0.878350
01/27/2018 10:20:40:mnist:########################################
01/27/2018 10:20:40:mnist:Save model janggo_results/models/mnist.h5
01/27/2018 10:20:40:mnist:Training finished after 35.631 s
01/27/2018 10:20:40:mnist:Predict: mnist
01/27/2018 10:20:40:mnist:Input:
01/27/2018 10:20:40:mnist:	x: (10000, 28, 28)
01/27/2018 10:20:41:mnist:Model Summary:
01/27/2018 10:20:41:mnist:_________________________________________________________________
01/27/2018 10:20:41:mnist:Layer (type)                 Output Shape              Param #   
01/27/2018 10:20:41:mnist:=================================================================
01/27/2018 10:20:41:mnist:x (InputLayer)               (None, 28, 28)            0         
01/27/2018 10:20:41:mnist:_________________________________________________________________
01/27/2018 10:20:41:mnist:flatten_1 (Flatten)          (None, 784)               0         
01/27/2018 10:20:41:mnist:_________________________________________________________________
01/27/2018 10:20:41:mnist:dense_1 (Dense)              (None, 10)                7850      
01/27/2018 10:20:41:mnist:_________________________________________________________________
01/27/2018 10:20:41:mnist:y (Dense)                    (None, 10)                110       
01/27/2018 10:20:41:mnist:=================================================================
01/27/2018 10:20:41:mnist:Total params: 7,960
01/27/2018 10:20:41:mnist:Trainable params: 7,960
01/27/2018 10:20:41:mnist:Non-trainable params: 0
01/27/2018 10:20:41:mnist:_________________________________________________________________
01/27/2018 10:20:41:mnist:Fit: mnist
01/27/2018 10:20:41:mnist:Input:
01/27/2018 10:20:41:mnist:	x: (60000, 28, 28)
01/27/2018 10:20:41:mnist:Output:
01/27/2018 10:20:41:mnist:	y: (60000, 10)
01/27/2018 10:21:16:mnist:########################################
01/27/2018 10:21:16:mnist:loss: 0.413396
01/27/2018 10:21:16:mnist:acc: 0.880967
01/27/2018 10:21:16:mnist:########################################
01/27/2018 10:21:16:mnist:Save model janggo_results/models/mnist.h5
01/27/2018 10:21:16:mnist:Training finished after 35.408 s
01/27/2018 10:21:16:mnist:Predict: mnist
01/27/2018 10:21:16:mnist:Input:
01/27/2018 10:21:16:mnist:	x: (10000, 28, 28)
01/27/2018 10:40:39:mnist:Model Summary:
01/27/2018 10:40:39:mnist:_________________________________________________________________
01/27/2018 10:40:39:mnist:Layer (type)                 Output Shape              Param #   
01/27/2018 10:40:39:mnist:=================================================================
01/27/2018 10:40:39:mnist:x (InputLayer)               (None, 28, 28)            0         
01/27/2018 10:40:39:mnist:_________________________________________________________________
01/27/2018 10:40:39:mnist:flatten_1 (Flatten)          (None, 784)               0         
01/27/2018 10:40:39:mnist:_________________________________________________________________
01/27/2018 10:40:39:mnist:dense_1 (Dense)              (None, 10)                7850      
01/27/2018 10:40:39:mnist:_________________________________________________________________
01/27/2018 10:40:39:mnist:y (Dense)                    (None, 10)                110       
01/27/2018 10:40:39:mnist:=================================================================
01/27/2018 10:40:39:mnist:Total params: 7,960
01/27/2018 10:40:39:mnist:Trainable params: 7,960
01/27/2018 10:40:39:mnist:Non-trainable params: 0
01/27/2018 10:40:39:mnist:_________________________________________________________________
01/27/2018 10:40:40:mnist:Fit: mnist
01/27/2018 10:40:40:mnist:Input:
01/27/2018 10:40:40:mnist:	x: (60000, 28, 28)
01/27/2018 10:40:40:mnist:Output:
01/27/2018 10:40:40:mnist:	y: (60000, 10)
01/27/2018 10:41:06:mnist:########################################
01/27/2018 10:41:06:mnist:loss: 0.422435
01/27/2018 10:41:06:mnist:acc: 0.882300
01/27/2018 10:41:06:mnist:########################################
01/27/2018 10:41:06:mnist:Save model janggo_results/models/mnist.h5
01/27/2018 10:41:06:mnist:Training finished after 26.361 s
01/27/2018 10:41:06:mnist:Predict: mnist
01/27/2018 10:41:06:mnist:Input:
01/27/2018 10:41:06:mnist:	x: (10000, 28, 28)
01/27/2018 10:41:06:mnist:Model Summary:
01/27/2018 10:41:06:mnist:_________________________________________________________________
01/27/2018 10:41:06:mnist:Layer (type)                 Output Shape              Param #   
01/27/2018 10:41:06:mnist:=================================================================
01/27/2018 10:41:06:mnist:x (InputLayer)               (None, 28, 28)            0         
01/27/2018 10:41:06:mnist:_________________________________________________________________
01/27/2018 10:41:06:mnist:flatten_1 (Flatten)          (None, 784)               0         
01/27/2018 10:41:06:mnist:_________________________________________________________________
01/27/2018 10:41:06:mnist:dense_1 (Dense)              (None, 10)                7850      
01/27/2018 10:41:06:mnist:_________________________________________________________________
01/27/2018 10:41:06:mnist:y (Dense)                    (None, 10)                110       
01/27/2018 10:41:06:mnist:=================================================================
01/27/2018 10:41:06:mnist:Total params: 7,960
01/27/2018 10:41:06:mnist:Trainable params: 7,960
01/27/2018 10:41:06:mnist:Non-trainable params: 0
01/27/2018 10:41:06:mnist:_________________________________________________________________
01/27/2018 10:41:06:mnist:Fit: mnist
01/27/2018 10:41:06:mnist:Input:
01/27/2018 10:41:06:mnist:	x: (60000, 28, 28)
01/27/2018 10:41:06:mnist:Output:
01/27/2018 10:41:06:mnist:	y: (60000, 10)
01/27/2018 10:41:41:mnist:########################################
01/27/2018 10:41:41:mnist:loss: 0.469443
01/27/2018 10:41:41:mnist:acc: 0.869917
01/27/2018 10:41:41:mnist:########################################
01/27/2018 10:41:41:mnist:Save model janggo_results/models/mnist.h5
01/27/2018 10:41:41:mnist:Training finished after 34.710 s
01/27/2018 10:41:41:mnist:Predict: mnist
01/27/2018 10:41:41:mnist:Input:
01/27/2018 10:41:41:mnist:	x: (10000, 28, 28)
01/27/2018 10:41:41:mnist:Model Summary:
01/27/2018 10:41:41:mnist:_________________________________________________________________
01/27/2018 10:41:41:mnist:Layer (type)                 Output Shape              Param #   
01/27/2018 10:41:41:mnist:=================================================================
01/27/2018 10:41:41:mnist:x (InputLayer)               (None, 28, 28)            0         
01/27/2018 10:41:41:mnist:_________________________________________________________________
01/27/2018 10:41:41:mnist:flatten_1 (Flatten)          (None, 784)               0         
01/27/2018 10:41:41:mnist:_________________________________________________________________
01/27/2018 10:41:41:mnist:dense_1 (Dense)              (None, 10)                7850      
01/27/2018 10:41:41:mnist:_________________________________________________________________
01/27/2018 10:41:41:mnist:y (Dense)                    (None, 10)                110       
01/27/2018 10:41:41:mnist:=================================================================
01/27/2018 10:41:41:mnist:Total params: 7,960
01/27/2018 10:41:41:mnist:Trainable params: 7,960
01/27/2018 10:41:41:mnist:Non-trainable params: 0
01/27/2018 10:41:41:mnist:_________________________________________________________________
01/27/2018 10:41:41:mnist:Fit: mnist
01/27/2018 10:41:41:mnist:Input:
01/27/2018 10:41:41:mnist:	x: (60000, 28, 28)
01/27/2018 10:41:41:mnist:Output:
01/27/2018 10:41:41:mnist:	y: (60000, 10)
01/27/2018 10:42:15:mnist:########################################
01/27/2018 10:42:15:mnist:loss: 0.440567
01/27/2018 10:42:15:mnist:acc: 0.877317
01/27/2018 10:42:15:mnist:########################################
01/27/2018 10:42:15:mnist:Save model janggo_results/models/mnist.h5
01/27/2018 10:42:15:mnist:Training finished after 34.350 s
01/27/2018 10:42:15:mnist:Predict: mnist
01/27/2018 10:42:15:mnist:Input:
01/27/2018 10:42:15:mnist:	x: (10000, 28, 28)
01/27/2018 10:42:42:mnist_ffn:Model Summary:
01/27/2018 10:42:42:mnist_ffn:_________________________________________________________________
01/27/2018 10:42:42:mnist_ffn:Layer (type)                 Output Shape              Param #   
01/27/2018 10:42:42:mnist_ffn:=================================================================
01/27/2018 10:42:42:mnist_ffn:x (InputLayer)               (None, 28, 28)            0         
01/27/2018 10:42:42:mnist_ffn:_________________________________________________________________
01/27/2018 10:42:42:mnist_ffn:flatten_1 (Flatten)          (None, 784)               0         
01/27/2018 10:42:42:mnist_ffn:_________________________________________________________________
01/27/2018 10:42:42:mnist_ffn:dense_1 (Dense)              (None, 10)                7850      
01/27/2018 10:42:42:mnist_ffn:_________________________________________________________________
01/27/2018 10:42:42:mnist_ffn:y (Dense)                    (None, 10)                110       
01/27/2018 10:42:42:mnist_ffn:=================================================================
01/27/2018 10:42:42:mnist_ffn:Total params: 7,960
01/27/2018 10:42:42:mnist_ffn:Trainable params: 7,960
01/27/2018 10:42:42:mnist_ffn:Non-trainable params: 0
01/27/2018 10:42:42:mnist_ffn:_________________________________________________________________
01/27/2018 10:42:42:mnist_ffn:Fit: mnist_ffn
01/27/2018 10:42:42:mnist_ffn:Input:
01/27/2018 10:42:42:mnist_ffn:	x: (60000, 28, 28)
01/27/2018 10:42:42:mnist_ffn:Output:
01/27/2018 10:42:42:mnist_ffn:	y: (60000, 10)
01/27/2018 10:43:08:mnist_ffn:########################################
01/27/2018 10:43:08:mnist_ffn:loss: 0.414916
01/27/2018 10:43:08:mnist_ffn:acc: 0.885300
01/27/2018 10:43:08:mnist_ffn:########################################
01/27/2018 10:43:08:mnist_ffn:Save model mnist_result/models/mnist_ffn.h5
01/27/2018 10:43:08:mnist_ffn:Training finished after 26.179 s
01/27/2018 10:43:08:mnist_ffn:Predict: mnist_ffn
01/27/2018 10:43:08:mnist_ffn:Input:
01/27/2018 10:43:08:mnist_ffn:	x: (10000, 28, 28)
01/27/2018 10:43:09:mnist_ffn:Model Summary:
01/27/2018 10:43:09:mnist_ffn:_________________________________________________________________
01/27/2018 10:43:09:mnist_ffn:Layer (type)                 Output Shape              Param #   
01/27/2018 10:43:09:mnist_ffn:=================================================================
01/27/2018 10:43:09:mnist_ffn:x (InputLayer)               (None, 28, 28)            0         
01/27/2018 10:43:09:mnist_ffn:_________________________________________________________________
01/27/2018 10:43:09:mnist_ffn:flatten_1 (Flatten)          (None, 784)               0         
01/27/2018 10:43:09:mnist_ffn:_________________________________________________________________
01/27/2018 10:43:09:mnist_ffn:dense_1 (Dense)              (None, 10)                7850      
01/27/2018 10:43:09:mnist_ffn:_________________________________________________________________
01/27/2018 10:43:09:mnist_ffn:y (Dense)                    (None, 10)                110       
01/27/2018 10:43:09:mnist_ffn:=================================================================
01/27/2018 10:43:09:mnist_ffn:Total params: 7,960
01/27/2018 10:43:09:mnist_ffn:Trainable params: 7,960
01/27/2018 10:43:09:mnist_ffn:Non-trainable params: 0
01/27/2018 10:43:09:mnist_ffn:_________________________________________________________________
01/27/2018 10:43:09:mnist_ffn:Predict: mnist_ffn
01/27/2018 10:43:09:mnist_ffn:Input:
01/27/2018 10:43:09:mnist_ffn:	x: (10000, 28, 28)
01/27/2018 10:43:09:mnist_ffn:predict failed:
Traceback (most recent call last):
  File "/home/wkopp/beluga/src/janggo/model.py", line 416, in predict
    return model.predict(inputs, batch_size, verbose, steps)
  File "/home/wkopp/anaconda3/lib/python3.6/site-packages/keras/engine/training.py", line 1800, in predict
    verbose=verbose, steps=steps)
  File "/home/wkopp/anaconda3/lib/python3.6/site-packages/keras/engine/training.py", line 1251, in _predict_loop
    'steps')
  File "/home/wkopp/anaconda3/lib/python3.6/site-packages/keras/engine/training.py", line 1044, in _check_num_samples
    ' is set, the `batch_size` must be None.')
ValueError: If steps is set, the `batch_size` must be None.
01/27/2018 11:00:54:mnist:Model Summary:
01/27/2018 11:00:54:mnist:_________________________________________________________________
01/27/2018 11:00:54:mnist:Layer (type)                 Output Shape              Param #   
01/27/2018 11:00:54:mnist:=================================================================
01/27/2018 11:00:54:mnist:x (InputLayer)               (None, 28, 28)            0         
01/27/2018 11:00:54:mnist:_________________________________________________________________
01/27/2018 11:00:54:mnist:flatten_1 (Flatten)          (None, 784)               0         
01/27/2018 11:00:54:mnist:_________________________________________________________________
01/27/2018 11:00:54:mnist:dense_1 (Dense)              (None, 10)                7850      
01/27/2018 11:00:54:mnist:_________________________________________________________________
01/27/2018 11:00:54:mnist:y (Dense)                    (None, 10)                110       
01/27/2018 11:00:54:mnist:=================================================================
01/27/2018 11:00:54:mnist:Total params: 7,960
01/27/2018 11:00:54:mnist:Trainable params: 7,960
01/27/2018 11:00:54:mnist:Non-trainable params: 0
01/27/2018 11:00:54:mnist:_________________________________________________________________
01/27/2018 11:00:54:mnist:Fit: mnist
01/27/2018 11:00:54:mnist:Input:
01/27/2018 11:00:54:mnist:	x: (60000, 28, 28)
01/27/2018 11:00:54:mnist:Output:
01/27/2018 11:00:54:mnist:	y: (60000, 10)
01/27/2018 11:01:20:mnist:########################################
01/27/2018 11:01:20:mnist:loss: 0.415056
01/27/2018 11:01:20:mnist:acc: 0.886767
01/27/2018 11:01:20:mnist:########################################
01/27/2018 11:01:20:mnist:Save model janggo_results/models/mnist.h5
01/27/2018 11:01:20:mnist:Training finished after 26.206 s
01/27/2018 11:01:20:mnist:Predict: mnist
01/27/2018 11:01:20:mnist:Input:
01/27/2018 11:01:20:mnist:	x: (10000, 28, 28)
01/27/2018 11:01:20:mnist:Model Summary:
01/27/2018 11:01:20:mnist:_________________________________________________________________
01/27/2018 11:01:20:mnist:Layer (type)                 Output Shape              Param #   
01/27/2018 11:01:20:mnist:=================================================================
01/27/2018 11:01:20:mnist:x (InputLayer)               (None, 28, 28)            0         
01/27/2018 11:01:20:mnist:_________________________________________________________________
01/27/2018 11:01:20:mnist:flatten_1 (Flatten)          (None, 784)               0         
01/27/2018 11:01:20:mnist:_________________________________________________________________
01/27/2018 11:01:20:mnist:dense_1 (Dense)              (None, 10)                7850      
01/27/2018 11:01:20:mnist:_________________________________________________________________
01/27/2018 11:01:20:mnist:y (Dense)                    (None, 10)                110       
01/27/2018 11:01:20:mnist:=================================================================
01/27/2018 11:01:20:mnist:Total params: 7,960
01/27/2018 11:01:20:mnist:Trainable params: 7,960
01/27/2018 11:01:20:mnist:Non-trainable params: 0
01/27/2018 11:01:20:mnist:_________________________________________________________________
01/27/2018 11:01:20:mnist:Fit: mnist
01/27/2018 11:01:20:mnist:Input:
01/27/2018 11:01:20:mnist:	x: (60000, 28, 28)
01/27/2018 11:01:20:mnist:Output:
01/27/2018 11:01:20:mnist:	y: (60000, 10)
01/27/2018 11:01:55:mnist:########################################
01/27/2018 11:01:55:mnist:loss: 0.443104
01/27/2018 11:01:55:mnist:acc: 0.877533
01/27/2018 11:01:55:mnist:########################################
01/27/2018 11:01:55:mnist:Save model janggo_results/models/mnist.h5
01/27/2018 11:01:55:mnist:Training finished after 35.108 s
01/27/2018 11:01:55:mnist:Predict: mnist
01/27/2018 11:01:55:mnist:Input:
01/27/2018 11:01:55:mnist:	x: (10000, 28, 28)
01/27/2018 11:01:55:mnist:Model Summary:
01/27/2018 11:01:55:mnist:_________________________________________________________________
01/27/2018 11:01:55:mnist:Layer (type)                 Output Shape              Param #   
01/27/2018 11:01:55:mnist:=================================================================
01/27/2018 11:01:55:mnist:x (InputLayer)               (None, 28, 28)            0         
01/27/2018 11:01:55:mnist:_________________________________________________________________
01/27/2018 11:01:55:mnist:flatten_1 (Flatten)          (None, 784)               0         
01/27/2018 11:01:55:mnist:_________________________________________________________________
01/27/2018 11:01:55:mnist:dense_1 (Dense)              (None, 10)                7850      
01/27/2018 11:01:55:mnist:_________________________________________________________________
01/27/2018 11:01:55:mnist:y (Dense)                    (None, 10)                110       
01/27/2018 11:01:55:mnist:=================================================================
01/27/2018 11:01:55:mnist:Total params: 7,960
01/27/2018 11:01:55:mnist:Trainable params: 7,960
01/27/2018 11:01:55:mnist:Non-trainable params: 0
01/27/2018 11:01:55:mnist:_________________________________________________________________
01/27/2018 11:01:55:mnist:Fit: mnist
01/27/2018 11:01:55:mnist:Input:
01/27/2018 11:01:55:mnist:	x: (60000, 28, 28)
01/27/2018 11:01:55:mnist:Output:
01/27/2018 11:01:55:mnist:	y: (60000, 10)
01/27/2018 11:02:58:mnist:Model Summary:
01/27/2018 11:02:58:mnist:_________________________________________________________________
01/27/2018 11:02:58:mnist:Layer (type)                 Output Shape              Param #   
01/27/2018 11:02:58:mnist:=================================================================
01/27/2018 11:02:58:mnist:x (InputLayer)               (None, 28, 28)            0         
01/27/2018 11:02:58:mnist:_________________________________________________________________
01/27/2018 11:02:58:mnist:flatten_1 (Flatten)          (None, 784)               0         
01/27/2018 11:02:58:mnist:_________________________________________________________________
01/27/2018 11:02:58:mnist:dense_1 (Dense)              (None, 10)                7850      
01/27/2018 11:02:58:mnist:_________________________________________________________________
01/27/2018 11:02:58:mnist:y (Dense)                    (None, 10)                110       
01/27/2018 11:02:58:mnist:=================================================================
01/27/2018 11:02:58:mnist:Total params: 7,960
01/27/2018 11:02:58:mnist:Trainable params: 7,960
01/27/2018 11:02:58:mnist:Non-trainable params: 0
01/27/2018 11:02:58:mnist:_________________________________________________________________
01/27/2018 11:02:58:mnist:Fit: mnist
01/27/2018 11:02:58:mnist:Input:
01/27/2018 11:02:58:mnist:	x: (60000, 28, 28)
01/27/2018 11:02:58:mnist:Output:
01/27/2018 11:02:58:mnist:	y: (60000, 10)
01/27/2018 11:03:25:mnist:########################################
01/27/2018 11:03:25:mnist:loss: 0.437465
01/27/2018 11:03:25:mnist:acc: 0.874517
01/27/2018 11:03:25:mnist:########################################
01/27/2018 11:03:25:mnist:Save model janggo_results/models/mnist.h5
01/27/2018 11:03:25:mnist:Training finished after 27.086 s
01/27/2018 11:03:25:mnist:Predict: mnist
01/27/2018 11:03:25:mnist:Input:
01/27/2018 11:03:25:mnist:	x: (10000, 28, 28)
01/27/2018 11:03:25:mnist:Model Summary:
01/27/2018 11:03:25:mnist:_________________________________________________________________
01/27/2018 11:03:25:mnist:Layer (type)                 Output Shape              Param #   
01/27/2018 11:03:25:mnist:=================================================================
01/27/2018 11:03:25:mnist:x (InputLayer)               (None, 28, 28)            0         
01/27/2018 11:03:25:mnist:_________________________________________________________________
01/27/2018 11:03:25:mnist:flatten_1 (Flatten)          (None, 784)               0         
01/27/2018 11:03:25:mnist:_________________________________________________________________
01/27/2018 11:03:25:mnist:dense_1 (Dense)              (None, 10)                7850      
01/27/2018 11:03:25:mnist:_________________________________________________________________
01/27/2018 11:03:25:mnist:y (Dense)                    (None, 10)                110       
01/27/2018 11:03:25:mnist:=================================================================
01/27/2018 11:03:25:mnist:Total params: 7,960
01/27/2018 11:03:25:mnist:Trainable params: 7,960
01/27/2018 11:03:25:mnist:Non-trainable params: 0
01/27/2018 11:03:25:mnist:_________________________________________________________________
01/27/2018 11:03:25:mnist:Fit: mnist
01/27/2018 11:03:25:mnist:Input:
01/27/2018 11:03:25:mnist:	x: (60000, 28, 28)
01/27/2018 11:03:25:mnist:Output:
01/27/2018 11:03:25:mnist:	y: (60000, 10)
01/27/2018 11:04:00:mnist:########################################
01/27/2018 11:04:00:mnist:loss: 0.457801
01/27/2018 11:04:00:mnist:acc: 0.873783
01/27/2018 11:04:00:mnist:########################################
01/27/2018 11:04:00:mnist:Save model janggo_results/models/mnist.h5
01/27/2018 11:04:00:mnist:Training finished after 34.749 s
01/27/2018 11:04:00:mnist:Predict: mnist
01/27/2018 11:04:00:mnist:Input:
01/27/2018 11:04:00:mnist:	x: (10000, 28, 28)
01/27/2018 11:04:00:mnist:Model Summary:
01/27/2018 11:04:00:mnist:_________________________________________________________________
01/27/2018 11:04:00:mnist:Layer (type)                 Output Shape              Param #   
01/27/2018 11:04:00:mnist:=================================================================
01/27/2018 11:04:00:mnist:x (InputLayer)               (None, 28, 28)            0         
01/27/2018 11:04:00:mnist:_________________________________________________________________
01/27/2018 11:04:00:mnist:flatten_1 (Flatten)          (None, 784)               0         
01/27/2018 11:04:00:mnist:_________________________________________________________________
01/27/2018 11:04:00:mnist:dense_1 (Dense)              (None, 10)                7850      
01/27/2018 11:04:00:mnist:_________________________________________________________________
01/27/2018 11:04:00:mnist:y (Dense)                    (None, 10)                110       
01/27/2018 11:04:00:mnist:=================================================================
01/27/2018 11:04:00:mnist:Total params: 7,960
01/27/2018 11:04:00:mnist:Trainable params: 7,960
01/27/2018 11:04:00:mnist:Non-trainable params: 0
01/27/2018 11:04:00:mnist:_________________________________________________________________
01/27/2018 11:04:00:mnist:Fit: mnist
01/27/2018 11:04:00:mnist:Input:
01/27/2018 11:04:00:mnist:	x: (60000, 28, 28)
01/27/2018 11:04:00:mnist:Output:
01/27/2018 11:04:00:mnist:	y: (60000, 10)
01/27/2018 11:04:59:mnist:Model Summary:
01/27/2018 11:04:59:mnist:_________________________________________________________________
01/27/2018 11:04:59:mnist:Layer (type)                 Output Shape              Param #   
01/27/2018 11:04:59:mnist:=================================================================
01/27/2018 11:04:59:mnist:x (InputLayer)               (None, 28, 28)            0         
01/27/2018 11:04:59:mnist:_________________________________________________________________
01/27/2018 11:04:59:mnist:flatten_1 (Flatten)          (None, 784)               0         
01/27/2018 11:04:59:mnist:_________________________________________________________________
01/27/2018 11:04:59:mnist:dense_1 (Dense)              (None, 10)                7850      
01/27/2018 11:04:59:mnist:_________________________________________________________________
01/27/2018 11:04:59:mnist:y (Dense)                    (None, 10)                110       
01/27/2018 11:04:59:mnist:=================================================================
01/27/2018 11:04:59:mnist:Total params: 7,960
01/27/2018 11:04:59:mnist:Trainable params: 7,960
01/27/2018 11:04:59:mnist:Non-trainable params: 0
01/27/2018 11:04:59:mnist:_________________________________________________________________
01/27/2018 11:04:59:mnist:Fit: mnist
01/27/2018 11:04:59:mnist:Input:
01/27/2018 11:04:59:mnist:	x: (60000, 28, 28)
01/27/2018 11:04:59:mnist:Output:
01/27/2018 11:04:59:mnist:	y: (60000, 10)
01/27/2018 11:05:25:mnist:########################################
01/27/2018 11:05:25:mnist:loss: 0.443933
01/27/2018 11:05:25:mnist:acc: 0.882450
01/27/2018 11:05:25:mnist:########################################
01/27/2018 11:05:25:mnist:Save model janggo_results/models/mnist.h5
01/27/2018 11:05:25:mnist:Training finished after 26.637 s
01/27/2018 11:05:25:mnist:Predict: mnist
01/27/2018 11:05:25:mnist:Input:
01/27/2018 11:05:25:mnist:	x: (10000, 28, 28)
01/27/2018 11:05:25:mnist:batch_size: 0, steps: 0, gen: False, multi True
01/27/2018 11:05:25:mnist:Model Summary:
01/27/2018 11:05:25:mnist:_________________________________________________________________
01/27/2018 11:05:25:mnist:Layer (type)                 Output Shape              Param #   
01/27/2018 11:05:25:mnist:=================================================================
01/27/2018 11:05:25:mnist:x (InputLayer)               (None, 28, 28)            0         
01/27/2018 11:05:25:mnist:_________________________________________________________________
01/27/2018 11:05:25:mnist:flatten_1 (Flatten)          (None, 784)               0         
01/27/2018 11:05:25:mnist:_________________________________________________________________
01/27/2018 11:05:25:mnist:dense_1 (Dense)              (None, 10)                7850      
01/27/2018 11:05:25:mnist:_________________________________________________________________
01/27/2018 11:05:25:mnist:y (Dense)                    (None, 10)                110       
01/27/2018 11:05:25:mnist:=================================================================
01/27/2018 11:05:25:mnist:Total params: 7,960
01/27/2018 11:05:25:mnist:Trainable params: 7,960
01/27/2018 11:05:25:mnist:Non-trainable params: 0
01/27/2018 11:05:25:mnist:_________________________________________________________________
01/27/2018 11:05:25:mnist:Fit: mnist
01/27/2018 11:05:25:mnist:Input:
01/27/2018 11:05:25:mnist:	x: (60000, 28, 28)
01/27/2018 11:05:25:mnist:Output:
01/27/2018 11:05:25:mnist:	y: (60000, 10)
01/27/2018 11:06:01:mnist:########################################
01/27/2018 11:06:01:mnist:loss: 0.403504
01/27/2018 11:06:01:mnist:acc: 0.885383
01/27/2018 11:06:01:mnist:########################################
01/27/2018 11:06:01:mnist:Save model janggo_results/models/mnist.h5
01/27/2018 11:06:01:mnist:Training finished after 35.322 s
01/27/2018 11:06:01:mnist:Predict: mnist
01/27/2018 11:06:01:mnist:Input:
01/27/2018 11:06:01:mnist:	x: (10000, 28, 28)
01/27/2018 11:06:01:mnist:batch_size: 0, steps: 0, gen: False, multi True
01/27/2018 11:06:01:mnist:Model Summary:
01/27/2018 11:06:01:mnist:_________________________________________________________________
01/27/2018 11:06:01:mnist:Layer (type)                 Output Shape              Param #   
01/27/2018 11:06:01:mnist:=================================================================
01/27/2018 11:06:01:mnist:x (InputLayer)               (None, 28, 28)            0         
01/27/2018 11:06:01:mnist:_________________________________________________________________
01/27/2018 11:06:01:mnist:flatten_1 (Flatten)          (None, 784)               0         
01/27/2018 11:06:01:mnist:_________________________________________________________________
01/27/2018 11:06:01:mnist:dense_1 (Dense)              (None, 10)                7850      
01/27/2018 11:06:01:mnist:_________________________________________________________________
01/27/2018 11:06:01:mnist:y (Dense)                    (None, 10)                110       
01/27/2018 11:06:01:mnist:=================================================================
01/27/2018 11:06:01:mnist:Total params: 7,960
01/27/2018 11:06:01:mnist:Trainable params: 7,960
01/27/2018 11:06:01:mnist:Non-trainable params: 0
01/27/2018 11:06:01:mnist:_________________________________________________________________
01/27/2018 11:06:01:mnist:Fit: mnist
01/27/2018 11:06:01:mnist:Input:
01/27/2018 11:06:01:mnist:	x: (60000, 28, 28)
01/27/2018 11:06:01:mnist:Output:
01/27/2018 11:06:01:mnist:	y: (60000, 10)
01/27/2018 11:06:36:mnist:########################################
01/27/2018 11:06:36:mnist:loss: 0.435258
01/27/2018 11:06:36:mnist:acc: 0.873583
01/27/2018 11:06:36:mnist:########################################
01/27/2018 11:06:36:mnist:Save model janggo_results/models/mnist.h5
01/27/2018 11:06:36:mnist:Training finished after 34.689 s
01/27/2018 11:06:36:mnist:Predict: mnist
01/27/2018 11:06:36:mnist:Input:
01/27/2018 11:06:36:mnist:	x: (10000, 28, 28)
01/27/2018 11:06:36:mnist:batch_size: 0, steps: 0, gen: True, multi True
01/27/2018 11:07:02:mnist_ffn:Model Summary:
01/27/2018 11:07:02:mnist_ffn:_________________________________________________________________
01/27/2018 11:07:02:mnist_ffn:Layer (type)                 Output Shape              Param #   
01/27/2018 11:07:02:mnist_ffn:=================================================================
01/27/2018 11:07:02:mnist_ffn:x (InputLayer)               (None, 28, 28)            0         
01/27/2018 11:07:02:mnist_ffn:_________________________________________________________________
01/27/2018 11:07:02:mnist_ffn:flatten_1 (Flatten)          (None, 784)               0         
01/27/2018 11:07:02:mnist_ffn:_________________________________________________________________
01/27/2018 11:07:02:mnist_ffn:dense_1 (Dense)              (None, 10)                7850      
01/27/2018 11:07:02:mnist_ffn:_________________________________________________________________
01/27/2018 11:07:02:mnist_ffn:y (Dense)                    (None, 10)                110       
01/27/2018 11:07:02:mnist_ffn:=================================================================
01/27/2018 11:07:02:mnist_ffn:Total params: 7,960
01/27/2018 11:07:02:mnist_ffn:Trainable params: 7,960
01/27/2018 11:07:02:mnist_ffn:Non-trainable params: 0
01/27/2018 11:07:02:mnist_ffn:_________________________________________________________________
01/27/2018 11:07:02:mnist_ffn:Fit: mnist_ffn
01/27/2018 11:07:02:mnist_ffn:Input:
01/27/2018 11:07:02:mnist_ffn:	x: (60000, 28, 28)
01/27/2018 11:07:02:mnist_ffn:Output:
01/27/2018 11:07:02:mnist_ffn:	y: (60000, 10)
01/27/2018 11:07:29:mnist_ffn:########################################
01/27/2018 11:07:29:mnist_ffn:loss: 0.408870
01/27/2018 11:07:29:mnist_ffn:acc: 0.880717
01/27/2018 11:07:29:mnist_ffn:########################################
01/27/2018 11:07:29:mnist_ffn:Save model mnist_result/models/mnist_ffn.h5
01/27/2018 11:07:29:mnist_ffn:Training finished after 26.593 s
01/27/2018 11:07:29:mnist_ffn:Predict: mnist_ffn
01/27/2018 11:07:29:mnist_ffn:Input:
01/27/2018 11:07:29:mnist_ffn:	x: (10000, 28, 28)
01/27/2018 11:07:29:mnist_ffn:batch_size: 0, steps: 0, gen: False, multi True
01/27/2018 11:07:29:mnist_ffn:Model Summary:
01/27/2018 11:07:29:mnist_ffn:_________________________________________________________________
01/27/2018 11:07:29:mnist_ffn:Layer (type)                 Output Shape              Param #   
01/27/2018 11:07:29:mnist_ffn:=================================================================
01/27/2018 11:07:29:mnist_ffn:x (InputLayer)               (None, 28, 28)            0         
01/27/2018 11:07:29:mnist_ffn:_________________________________________________________________
01/27/2018 11:07:29:mnist_ffn:flatten_1 (Flatten)          (None, 784)               0         
01/27/2018 11:07:29:mnist_ffn:_________________________________________________________________
01/27/2018 11:07:29:mnist_ffn:dense_1 (Dense)              (None, 10)                7850      
01/27/2018 11:07:29:mnist_ffn:_________________________________________________________________
01/27/2018 11:07:29:mnist_ffn:y (Dense)                    (None, 10)                110       
01/27/2018 11:07:29:mnist_ffn:=================================================================
01/27/2018 11:07:29:mnist_ffn:Total params: 7,960
01/27/2018 11:07:29:mnist_ffn:Trainable params: 7,960
01/27/2018 11:07:29:mnist_ffn:Non-trainable params: 0
01/27/2018 11:07:29:mnist_ffn:_________________________________________________________________
01/27/2018 11:07:29:mnist_ffn:Predict: mnist_ffn
01/27/2018 11:07:29:mnist_ffn:Input:
01/27/2018 11:07:29:mnist_ffn:	x: (10000, 28, 28)
01/27/2018 11:07:29:mnist_ffn:batch_size: 100, steps: True, gen: False, multi True
01/27/2018 11:07:29:mnist_ffn:predict failed:
Traceback (most recent call last):
  File "/home/wkopp/beluga/src/janggo/model.py", line 422, in predict
    return model.predict(inputs, batch_size, verbose, steps)
  File "/home/wkopp/anaconda3/lib/python3.6/site-packages/keras/engine/training.py", line 1800, in predict
    verbose=verbose, steps=steps)
  File "/home/wkopp/anaconda3/lib/python3.6/site-packages/keras/engine/training.py", line 1251, in _predict_loop
    'steps')
  File "/home/wkopp/anaconda3/lib/python3.6/site-packages/keras/engine/training.py", line 1044, in _check_num_samples
    ' is set, the `batch_size` must be None.')
ValueError: If steps is set, the `batch_size` must be None.
01/27/2018 11:15:40:mnist:Model Summary:
01/27/2018 11:15:40:mnist:_________________________________________________________________
01/27/2018 11:15:40:mnist:Layer (type)                 Output Shape              Param #   
01/27/2018 11:15:40:mnist:=================================================================
01/27/2018 11:15:40:mnist:x (InputLayer)               (None, 28, 28)            0         
01/27/2018 11:15:40:mnist:_________________________________________________________________
01/27/2018 11:15:40:mnist:flatten_1 (Flatten)          (None, 784)               0         
01/27/2018 11:15:40:mnist:_________________________________________________________________
01/27/2018 11:15:40:mnist:dense_1 (Dense)              (None, 10)                7850      
01/27/2018 11:15:40:mnist:_________________________________________________________________
01/27/2018 11:15:40:mnist:y (Dense)                    (None, 10)                110       
01/27/2018 11:15:40:mnist:=================================================================
01/27/2018 11:15:40:mnist:Total params: 7,960
01/27/2018 11:15:40:mnist:Trainable params: 7,960
01/27/2018 11:15:40:mnist:Non-trainable params: 0
01/27/2018 11:15:40:mnist:_________________________________________________________________
01/27/2018 11:15:40:mnist:Fit: mnist
01/27/2018 11:15:40:mnist:Input:
01/27/2018 11:15:40:mnist:	x: (60000, 28, 28)
01/27/2018 11:15:40:mnist:Output:
01/27/2018 11:15:40:mnist:	y: (60000, 10)
01/27/2018 11:16:07:mnist:########################################
01/27/2018 11:16:07:mnist:loss: 0.443646
01/27/2018 11:16:07:mnist:acc: 0.875233
01/27/2018 11:16:07:mnist:########################################
01/27/2018 11:16:07:mnist:Save model janggo_results/models/mnist.h5
01/27/2018 11:16:07:mnist:Training finished after 26.877 s
01/27/2018 11:16:07:mnist:Predict: mnist
01/27/2018 11:16:07:mnist:Input:
01/27/2018 11:16:07:mnist:	x: (10000, 28, 28)
01/27/2018 11:16:07:mnist:batch_size: 0, steps: 0, gen: False, multi True
01/27/2018 11:16:07:mnist:Model Summary:
01/27/2018 11:16:07:mnist:_________________________________________________________________
01/27/2018 11:16:07:mnist:Layer (type)                 Output Shape              Param #   
01/27/2018 11:16:07:mnist:=================================================================
01/27/2018 11:16:07:mnist:x (InputLayer)               (None, 28, 28)            0         
01/27/2018 11:16:07:mnist:_________________________________________________________________
01/27/2018 11:16:07:mnist:flatten_1 (Flatten)          (None, 784)               0         
01/27/2018 11:16:07:mnist:_________________________________________________________________
01/27/2018 11:16:07:mnist:dense_1 (Dense)              (None, 10)                7850      
01/27/2018 11:16:07:mnist:_________________________________________________________________
01/27/2018 11:16:07:mnist:y (Dense)                    (None, 10)                110       
01/27/2018 11:16:07:mnist:=================================================================
01/27/2018 11:16:07:mnist:Total params: 7,960
01/27/2018 11:16:07:mnist:Trainable params: 7,960
01/27/2018 11:16:07:mnist:Non-trainable params: 0
01/27/2018 11:16:07:mnist:_________________________________________________________________
01/27/2018 11:16:07:mnist:Fit: mnist
01/27/2018 11:16:07:mnist:Input:
01/27/2018 11:16:07:mnist:	x: (60000, 28, 28)
01/27/2018 11:16:07:mnist:Output:
01/27/2018 11:16:07:mnist:	y: (60000, 10)
01/27/2018 11:16:42:mnist:########################################
01/27/2018 11:16:42:mnist:loss: 0.462310
01/27/2018 11:16:42:mnist:acc: 0.879633
01/27/2018 11:16:42:mnist:########################################
01/27/2018 11:16:42:mnist:Save model janggo_results/models/mnist.h5
01/27/2018 11:16:42:mnist:Training finished after 35.028 s
01/27/2018 11:16:42:mnist:Predict: mnist
01/27/2018 11:16:42:mnist:Input:
01/27/2018 11:16:42:mnist:	x: (10000, 28, 28)
01/27/2018 11:16:42:mnist:batch_size: 0, steps: 0, gen: False, multi True
01/27/2018 11:16:42:mnist:Model Summary:
01/27/2018 11:16:42:mnist:_________________________________________________________________
01/27/2018 11:16:42:mnist:Layer (type)                 Output Shape              Param #   
01/27/2018 11:16:42:mnist:=================================================================
01/27/2018 11:16:42:mnist:x (InputLayer)               (None, 28, 28)            0         
01/27/2018 11:16:42:mnist:_________________________________________________________________
01/27/2018 11:16:42:mnist:flatten_1 (Flatten)          (None, 784)               0         
01/27/2018 11:16:42:mnist:_________________________________________________________________
01/27/2018 11:16:42:mnist:dense_1 (Dense)              (None, 10)                7850      
01/27/2018 11:16:42:mnist:_________________________________________________________________
01/27/2018 11:16:42:mnist:y (Dense)                    (None, 10)                110       
01/27/2018 11:16:42:mnist:=================================================================
01/27/2018 11:16:42:mnist:Total params: 7,960
01/27/2018 11:16:42:mnist:Trainable params: 7,960
01/27/2018 11:16:42:mnist:Non-trainable params: 0
01/27/2018 11:16:42:mnist:_________________________________________________________________
01/27/2018 11:16:42:mnist:Fit: mnist
01/27/2018 11:16:42:mnist:Input:
01/27/2018 11:16:42:mnist:	x: (60000, 28, 28)
01/27/2018 11:16:42:mnist:Output:
01/27/2018 11:16:42:mnist:	y: (60000, 10)
01/27/2018 11:17:18:mnist:########################################
01/27/2018 11:17:18:mnist:loss: 0.447922
01/27/2018 11:17:18:mnist:acc: 0.869517
01/27/2018 11:17:18:mnist:########################################
01/27/2018 11:17:18:mnist:Save model janggo_results/models/mnist.h5
01/27/2018 11:17:18:mnist:Training finished after 35.678 s
01/27/2018 11:17:18:mnist:Predict: mnist
01/27/2018 11:17:18:mnist:Input:
01/27/2018 11:17:18:mnist:	x: (10000, 28, 28)
01/27/2018 11:17:18:mnist:batch_size: 0, steps: 0, gen: True, multi True
01/27/2018 11:17:45:mnist_ffn:Model Summary:
01/27/2018 11:17:45:mnist_ffn:_________________________________________________________________
01/27/2018 11:17:45:mnist_ffn:Layer (type)                 Output Shape              Param #   
01/27/2018 11:17:45:mnist_ffn:=================================================================
01/27/2018 11:17:45:mnist_ffn:x (InputLayer)               (None, 28, 28)            0         
01/27/2018 11:17:45:mnist_ffn:_________________________________________________________________
01/27/2018 11:17:45:mnist_ffn:flatten_1 (Flatten)          (None, 784)               0         
01/27/2018 11:17:45:mnist_ffn:_________________________________________________________________
01/27/2018 11:17:45:mnist_ffn:dense_1 (Dense)              (None, 10)                7850      
01/27/2018 11:17:45:mnist_ffn:_________________________________________________________________
01/27/2018 11:17:45:mnist_ffn:y (Dense)                    (None, 10)                110       
01/27/2018 11:17:45:mnist_ffn:=================================================================
01/27/2018 11:17:45:mnist_ffn:Total params: 7,960
01/27/2018 11:17:45:mnist_ffn:Trainable params: 7,960
01/27/2018 11:17:45:mnist_ffn:Non-trainable params: 0
01/27/2018 11:17:45:mnist_ffn:_________________________________________________________________
01/27/2018 11:17:45:mnist_ffn:Fit: mnist_ffn
01/27/2018 11:17:45:mnist_ffn:Input:
01/27/2018 11:17:45:mnist_ffn:	x: (60000, 28, 28)
01/27/2018 11:17:45:mnist_ffn:Output:
01/27/2018 11:17:45:mnist_ffn:	y: (60000, 10)
01/27/2018 11:18:12:mnist_ffn:########################################
01/27/2018 11:18:12:mnist_ffn:loss: 0.415441
01/27/2018 11:18:12:mnist_ffn:acc: 0.884533
01/27/2018 11:18:12:mnist_ffn:########################################
01/27/2018 11:18:12:mnist_ffn:Save model mnist_result/models/mnist_ffn.h5
01/27/2018 11:18:12:mnist_ffn:Training finished after 27.656 s
01/27/2018 11:18:12:mnist_ffn:Predict: mnist_ffn
01/27/2018 11:18:12:mnist_ffn:Input:
01/27/2018 11:18:12:mnist_ffn:	x: (10000, 28, 28)
01/27/2018 11:18:12:mnist_ffn:batch_size: 0, steps: 0, gen: False, multi True
01/27/2018 11:18:13:mnist_ffn:Model Summary:
01/27/2018 11:18:13:mnist_ffn:_________________________________________________________________
01/27/2018 11:18:13:mnist_ffn:Layer (type)                 Output Shape              Param #   
01/27/2018 11:18:13:mnist_ffn:=================================================================
01/27/2018 11:18:13:mnist_ffn:x (InputLayer)               (None, 28, 28)            0         
01/27/2018 11:18:13:mnist_ffn:_________________________________________________________________
01/27/2018 11:18:13:mnist_ffn:flatten_1 (Flatten)          (None, 784)               0         
01/27/2018 11:18:13:mnist_ffn:_________________________________________________________________
01/27/2018 11:18:13:mnist_ffn:dense_1 (Dense)              (None, 10)                7850      
01/27/2018 11:18:13:mnist_ffn:_________________________________________________________________
01/27/2018 11:18:13:mnist_ffn:y (Dense)                    (None, 10)                110       
01/27/2018 11:18:13:mnist_ffn:=================================================================
01/27/2018 11:18:13:mnist_ffn:Total params: 7,960
01/27/2018 11:18:13:mnist_ffn:Trainable params: 7,960
01/27/2018 11:18:13:mnist_ffn:Non-trainable params: 0
01/27/2018 11:18:13:mnist_ffn:_________________________________________________________________
01/27/2018 11:18:13:mnist_ffn:Predict: mnist_ffn
01/27/2018 11:18:13:mnist_ffn:Input:
01/27/2018 11:18:13:mnist_ffn:	x: (10000, 28, 28)
01/27/2018 11:18:13:mnist_ffn:batch_size: 100, steps: 0, gen: False, multi True
01/27/2018 11:21:23:mnist:Model Summary:
01/27/2018 11:21:23:mnist:_________________________________________________________________
01/27/2018 11:21:23:mnist:Layer (type)                 Output Shape              Param #   
01/27/2018 11:21:23:mnist:=================================================================
01/27/2018 11:21:23:mnist:x (InputLayer)               (None, 28, 28)            0         
01/27/2018 11:21:23:mnist:_________________________________________________________________
01/27/2018 11:21:23:mnist:flatten_1 (Flatten)          (None, 784)               0         
01/27/2018 11:21:23:mnist:_________________________________________________________________
01/27/2018 11:21:23:mnist:dense_1 (Dense)              (None, 10)                7850      
01/27/2018 11:21:23:mnist:_________________________________________________________________
01/27/2018 11:21:23:mnist:y (Dense)                    (None, 10)                110       
01/27/2018 11:21:23:mnist:=================================================================
01/27/2018 11:21:23:mnist:Total params: 7,960
01/27/2018 11:21:23:mnist:Trainable params: 7,960
01/27/2018 11:21:23:mnist:Non-trainable params: 0
01/27/2018 11:21:23:mnist:_________________________________________________________________
01/27/2018 11:21:23:mnist:Fit: mnist
01/27/2018 11:21:23:mnist:Input:
01/27/2018 11:21:23:mnist:	x: (60000, 28, 28)
01/27/2018 11:21:23:mnist:Output:
01/27/2018 11:21:23:mnist:	y: (60000, 10)
01/27/2018 11:21:51:mnist:########################################
01/27/2018 11:21:51:mnist:loss: 0.416568
01/27/2018 11:21:51:mnist:acc: 0.883867
01/27/2018 11:21:51:mnist:########################################
01/27/2018 11:21:51:mnist:Save model janggo_results/models/mnist.h5
01/27/2018 11:21:51:mnist:Training finished after 27.855 s
01/27/2018 11:21:51:mnist:Predict: mnist
01/27/2018 11:21:51:mnist:Input:
01/27/2018 11:21:51:mnist:	x: (10000, 28, 28)
01/27/2018 11:21:51:mnist:Model Summary:
01/27/2018 11:21:51:mnist:_________________________________________________________________
01/27/2018 11:21:51:mnist:Layer (type)                 Output Shape              Param #   
01/27/2018 11:21:51:mnist:=================================================================
01/27/2018 11:21:51:mnist:x (InputLayer)               (None, 28, 28)            0         
01/27/2018 11:21:51:mnist:_________________________________________________________________
01/27/2018 11:21:51:mnist:flatten_1 (Flatten)          (None, 784)               0         
01/27/2018 11:21:51:mnist:_________________________________________________________________
01/27/2018 11:21:51:mnist:dense_1 (Dense)              (None, 10)                7850      
01/27/2018 11:21:51:mnist:_________________________________________________________________
01/27/2018 11:21:51:mnist:y (Dense)                    (None, 10)                110       
01/27/2018 11:21:51:mnist:=================================================================
01/27/2018 11:21:51:mnist:Total params: 7,960
01/27/2018 11:21:51:mnist:Trainable params: 7,960
01/27/2018 11:21:51:mnist:Non-trainable params: 0
01/27/2018 11:21:51:mnist:_________________________________________________________________
01/27/2018 11:21:51:mnist:Fit: mnist
01/27/2018 11:21:51:mnist:Input:
01/27/2018 11:21:51:mnist:	x: (60000, 28, 28)
01/27/2018 11:21:51:mnist:Output:
01/27/2018 11:21:51:mnist:	y: (60000, 10)
01/27/2018 11:22:26:mnist:########################################
01/27/2018 11:22:26:mnist:loss: 0.443835
01/27/2018 11:22:26:mnist:acc: 0.870550
01/27/2018 11:22:26:mnist:########################################
01/27/2018 11:22:26:mnist:Save model janggo_results/models/mnist.h5
01/27/2018 11:22:26:mnist:Training finished after 35.239 s
01/27/2018 11:22:26:mnist:Predict: mnist
01/27/2018 11:22:26:mnist:Input:
01/27/2018 11:22:26:mnist:	x: (10000, 28, 28)
01/27/2018 11:22:26:mnist:Model Summary:
01/27/2018 11:22:26:mnist:_________________________________________________________________
01/27/2018 11:22:26:mnist:Layer (type)                 Output Shape              Param #   
01/27/2018 11:22:26:mnist:=================================================================
01/27/2018 11:22:26:mnist:x (InputLayer)               (None, 28, 28)            0         
01/27/2018 11:22:26:mnist:_________________________________________________________________
01/27/2018 11:22:26:mnist:flatten_1 (Flatten)          (None, 784)               0         
01/27/2018 11:22:26:mnist:_________________________________________________________________
01/27/2018 11:22:26:mnist:dense_1 (Dense)              (None, 10)                7850      
01/27/2018 11:22:26:mnist:_________________________________________________________________
01/27/2018 11:22:26:mnist:y (Dense)                    (None, 10)                110       
01/27/2018 11:22:26:mnist:=================================================================
01/27/2018 11:22:26:mnist:Total params: 7,960
01/27/2018 11:22:26:mnist:Trainable params: 7,960
01/27/2018 11:22:26:mnist:Non-trainable params: 0
01/27/2018 11:22:26:mnist:_________________________________________________________________
01/27/2018 11:22:26:mnist:Fit: mnist
01/27/2018 11:22:26:mnist:Input:
01/27/2018 11:22:26:mnist:	x: (60000, 28, 28)
01/27/2018 11:22:26:mnist:Output:
01/27/2018 11:22:26:mnist:	y: (60000, 10)
01/27/2018 11:23:02:mnist:########################################
01/27/2018 11:23:02:mnist:loss: 0.422968
01/27/2018 11:23:02:mnist:acc: 0.880400
01/27/2018 11:23:02:mnist:########################################
01/27/2018 11:23:02:mnist:Save model janggo_results/models/mnist.h5
01/27/2018 11:23:02:mnist:Training finished after 35.948 s
01/27/2018 11:23:02:mnist:Predict: mnist
01/27/2018 11:23:02:mnist:Input:
01/27/2018 11:23:02:mnist:	x: (10000, 28, 28)
01/27/2018 11:23:30:mnist_ffn:Model Summary:
01/27/2018 11:23:30:mnist_ffn:_________________________________________________________________
01/27/2018 11:23:30:mnist_ffn:Layer (type)                 Output Shape              Param #   
01/27/2018 11:23:30:mnist_ffn:=================================================================
01/27/2018 11:23:30:mnist_ffn:x (InputLayer)               (None, 28, 28)            0         
01/27/2018 11:23:30:mnist_ffn:_________________________________________________________________
01/27/2018 11:23:30:mnist_ffn:flatten_1 (Flatten)          (None, 784)               0         
01/27/2018 11:23:30:mnist_ffn:_________________________________________________________________
01/27/2018 11:23:30:mnist_ffn:dense_1 (Dense)              (None, 10)                7850      
01/27/2018 11:23:30:mnist_ffn:_________________________________________________________________
01/27/2018 11:23:30:mnist_ffn:y (Dense)                    (None, 10)                110       
01/27/2018 11:23:30:mnist_ffn:=================================================================
01/27/2018 11:23:30:mnist_ffn:Total params: 7,960
01/27/2018 11:23:30:mnist_ffn:Trainable params: 7,960
01/27/2018 11:23:30:mnist_ffn:Non-trainable params: 0
01/27/2018 11:23:30:mnist_ffn:_________________________________________________________________
01/27/2018 11:23:30:mnist_ffn:Fit: mnist_ffn
01/27/2018 11:23:30:mnist_ffn:Input:
01/27/2018 11:23:30:mnist_ffn:	x: (60000, 28, 28)
01/27/2018 11:23:30:mnist_ffn:Output:
01/27/2018 11:23:30:mnist_ffn:	y: (60000, 10)
01/27/2018 11:23:57:mnist_ffn:########################################
01/27/2018 11:23:57:mnist_ffn:loss: 0.408889
01/27/2018 11:23:57:mnist_ffn:acc: 0.882467
01/27/2018 11:23:57:mnist_ffn:########################################
01/27/2018 11:23:57:mnist_ffn:Save model mnist_result/models/mnist_ffn.h5
01/27/2018 11:23:57:mnist_ffn:Training finished after 26.644 s
01/27/2018 11:23:57:mnist_ffn:Predict: mnist_ffn
01/27/2018 11:23:57:mnist_ffn:Input:
01/27/2018 11:23:57:mnist_ffn:	x: (10000, 28, 28)
01/27/2018 11:23:57:mnist_ffn:Model Summary:
01/27/2018 11:23:57:mnist_ffn:_________________________________________________________________
01/27/2018 11:23:57:mnist_ffn:Layer (type)                 Output Shape              Param #   
01/27/2018 11:23:57:mnist_ffn:=================================================================
01/27/2018 11:23:57:mnist_ffn:x (InputLayer)               (None, 28, 28)            0         
01/27/2018 11:23:57:mnist_ffn:_________________________________________________________________
01/27/2018 11:23:57:mnist_ffn:flatten_1 (Flatten)          (None, 784)               0         
01/27/2018 11:23:57:mnist_ffn:_________________________________________________________________
01/27/2018 11:23:57:mnist_ffn:dense_1 (Dense)              (None, 10)                7850      
01/27/2018 11:23:57:mnist_ffn:_________________________________________________________________
01/27/2018 11:23:57:mnist_ffn:y (Dense)                    (None, 10)                110       
01/27/2018 11:23:57:mnist_ffn:=================================================================
01/27/2018 11:23:57:mnist_ffn:Total params: 7,960
01/27/2018 11:23:57:mnist_ffn:Trainable params: 7,960
01/27/2018 11:23:57:mnist_ffn:Non-trainable params: 0
01/27/2018 11:23:57:mnist_ffn:_________________________________________________________________
01/27/2018 11:23:57:mnist_ffn:Predict: mnist_ffn
01/27/2018 11:23:57:mnist_ffn:Input:
01/27/2018 11:23:57:mnist_ffn:	x: (10000, 28, 28)
01/28/2018 11:58:38:oct4_cnn_create_shape_fit:Model Summary:
01/28/2018 11:58:38:oct4_cnn_create_shape_fit:_________________________________________________________________
01/28/2018 11:58:38:oct4_cnn_create_shape_fit:Layer (type)                 Output Shape              Param #   
01/28/2018 11:58:38:oct4_cnn_create_shape_fit:=================================================================
01/28/2018 11:58:38:oct4_cnn_create_shape_fit:dna (InputLayer)             (None, 4, 200, 1)         0         
01/28/2018 11:58:38:oct4_cnn_create_shape_fit:_________________________________________________________________
01/28/2018 11:58:38:oct4_cnn_create_shape_fit:conv2d_1 (Conv2D)            (None, 4, 180, 30)        660       
01/28/2018 11:58:38:oct4_cnn_create_shape_fit:_________________________________________________________________
01/28/2018 11:58:38:oct4_cnn_create_shape_fit:global_average_pooling2d_1 ( (None, 30)                0         
01/28/2018 11:58:38:oct4_cnn_create_shape_fit:_________________________________________________________________
01/28/2018 11:58:38:oct4_cnn_create_shape_fit:y (Dense)                    (None, 1)                 31        
01/28/2018 11:58:38:oct4_cnn_create_shape_fit:=================================================================
01/28/2018 11:58:38:oct4_cnn_create_shape_fit:Total params: 691
01/28/2018 11:58:38:oct4_cnn_create_shape_fit:Trainable params: 691
01/28/2018 11:58:38:oct4_cnn_create_shape_fit:Non-trainable params: 0
01/28/2018 11:58:38:oct4_cnn_create_shape_fit:_________________________________________________________________
01/28/2018 11:58:38:oct4_cnn_create_shape_fit:Fit: oct4_cnn_create_shape_fit
01/28/2018 11:58:38:oct4_cnn_create_shape_fit:Input:
01/28/2018 11:58:38:oct4_cnn_create_shape_fit:	dna: (7997, 4, 200, 1)
01/28/2018 11:58:38:oct4_cnn_create_shape_fit:Output:
01/28/2018 11:58:38:oct4_cnn_create_shape_fit:	y: (7997, 1)
01/28/2018 11:59:08:oct4_cnn_create_shape_fit:########################################
01/28/2018 11:59:08:oct4_cnn_create_shape_fit:loss: 0.690893
01/28/2018 11:59:08:oct4_cnn_create_shape_fit:acc: 0.549831
01/28/2018 11:59:08:oct4_cnn_create_shape_fit:########################################
01/28/2018 11:59:08:oct4_cnn_create_shape_fit:Save model janggo_results/models/oct4_cnn_create_shape_fit.h5
01/28/2018 11:59:08:oct4_cnn_create_shape_fit:Training finished after 29.837 s
